<?xml version="1.0" encoding="utf-8"?>
<TestRun id="3e39ad06-f650-4313-bfca-a5846ef9d63a" name="@MacBook-Air 2026-06-09 17:03:07" xmlns="http://microsoft.com/schemas/VisualStudio/TeamTest/2010">
  <Times creation="2026-06-09T17:03:07.0437270+02:00" queuing="2026-06-09T17:03:07.0437270+02:00" start="2026-06-09T17:02:58.1135600+02:00" finish="2026-06-09T17:03:12.8731930+02:00" />
  <TestSettings name="default" id="4cb3077e-6a51-49f7-9a10-285f7a29d0f1">
    <Deployment runDeploymentRoot="_MacBook-Air_2026-06-09_17_03_07" />
  </TestSettings>
  <Results>
    <UnitTestResult executionId="7ee9eb09-623c-4634-ad06-e195004d4559" testId="e398d22f-5462-d616-38a1-5c629a1164f6" testName="Test_CSharpParser_EmbeddedSql" computerName="MacBook-Air" duration="00:00:00.2424080" startTime="2026-06-09T17:03:07.8620390+02:00" endTime="2026-06-09T17:03:08.1044470+02:00" testType="13cdc9d9-ddb5-4fa4-a97d-d965ccfc6d4b" outcome="Passed" testListId="8c84fa94-04c1-424b-9868-57a2d4851a1d" relativeResultsDirectory="7ee9eb09-623c-4634-ad06-e195004d4559">
      <Output>
        <StdOut>Finished parsing file: embedded_sql_test.cs with 1 top-level symbols.</StdOut>
      </Output>
    </UnitTestResult>
    <UnitTestResult executionId="4aa7cf14-32ad-4042-8586-2ee0ea84a730" testId="0d754ae8-3f7c-70f6-3217-d6fef196b896" testName="RenderedMarkdownContainsOutboundEdge" computerName="MacBook-Air" duration="00:00:00.0002840" startTime="2026-06-09T17:03:07.8152360+02:00" endTime="2026-06-09T17:03:07.8155210+02:00" testType="13cdc9d9-ddb5-4fa4-a97d-d965ccfc6d4b" outcome="Passed" testListId="8c84fa94-04c1-424b-9868-57a2d4851a1d" relativeResultsDirectory="4aa7cf14-32ad-4042-8586-2ee0ea84a730" />
    <UnitTestResult executionId="338ac278-6b82-4635-8bc4-79c23948deec" testId="43892e30-ab0b-e331-5e73-65d4c45cbf31" testName="RenderedMarkdownContainsNodeLabels" computerName="MacBook-Air" duration="00:00:00.0005670" startTime="2026-06-09T17:03:07.8146440+02:00" endTime="2026-06-09T17:03:07.8152110+02:00" testType="13cdc9d9-ddb5-4fa4-a97d-d965ccfc6d4b" outcome="Passed" testListId="8c84fa94-04c1-424b-9868-57a2d4851a1d" relativeResultsDirectory="338ac278-6b82-4635-8bc4-79c23948deec" />
    <UnitTestResult executionId="744c2296-df43-4e80-8dd7-8cda8c116b55" testId="c9360d09-c15b-f9fa-6f4c-6b11834504df" testName="Test_RestNodeDefinition_ReturnsBadRequestForEmpty" computerName="MacBook-Air" duration="00:00:00.0612190" startTime="2026-06-09T17:03:06.9460760+02:00" endTime="2026-06-09T17:03:07.0072950+02:00" testType="13cdc9d9-ddb5-4fa4-a97d-d965ccfc6d4b" outcome="Passed" testListId="8c84fa94-04c1-424b-9868-57a2d4851a1d" relativeResultsDirectory="744c2296-df43-4e80-8dd7-8cda8c116b55" />
    <UnitTestResult executionId="43672426-1986-4d8b-914b-d88c6fa1843c" testId="944dd5c8-41c4-fa6f-4451-325a75784f0a" testName="Test_RestNodeDefinition_ReturnsSuccess" computerName="MacBook-Air" duration="00:00:00.0068970" startTime="2026-06-09T17:03:07.0435220+02:00" endTime="2026-06-09T17:03:07.0504190+02:00" testType="13cdc9d9-ddb5-4fa4-a97d-d965ccfc6d4b" outcome="Passed" testListId="8c84fa94-04c1-424b-9868-57a2d4851a1d" relativeResultsDirectory="43672426-1986-4d8b-914b-d88c6fa1843c" />
    <UnitTestResult executionId="47367aa9-aa75-474b-a081-9002a180c823" testId="59a010d1-e0e8-eea2-aa6c-7c8370226c6b" testName="GetNodeDefinition_ReturnsValidInboundRelationships" computerName="MacBook-Air" duration="00:00:00.0008920" startTime="2026-06-09T17:03:07.8214630+02:00" endTime="2026-06-09T17:03:07.8223550+02:00" testType="13cdc9d9-ddb5-4fa4-a97d-d965ccfc6d4b" outcome="Passed" testListId="8c84fa94-04c1-424b-9868-57a2d4851a1d" relativeResultsDirectory="47367aa9-aa75-474b-a081-9002a180c823" />
    <UnitTestResult executionId="03b528fe-9e9e-4100-b9c6-e01db9d0dd02" testId="63af5b5a-3aaa-e535-e901-a168f5346d47" testName="GetNodeDefinition_ReturnsErrorForUnknownKind" computerName="MacBook-Air" duration="00:00:00.0002890" startTime="2026-06-09T17:03:07.8177140+02:00" endTime="2026-06-09T17:03:07.8180030+02:00" testType="13cdc9d9-ddb5-4fa4-a97d-d965ccfc6d4b" outcome="Passed" testListId="8c84fa94-04c1-424b-9868-57a2d4851a1d" relativeResultsDirectory="03b528fe-9e9e-4100-b9c6-e01db9d0dd02" />
    <UnitTestResult executionId="75403ac9-65f4-4151-b6f7-c2ce0f578122" testId="d6dacabc-5ab5-5902-20c4-f1a891423d63" testName="Test_SequenceDetector_SubsequenceStrategy" computerName="MacBook-Air" duration="00:00:00.0007470" startTime="2026-06-09T17:03:12.7163840+02:00" endTime="2026-06-09T17:03:12.7171320+02:00" testType="13cdc9d9-ddb5-4fa4-a97d-d965ccfc6d4b" outcome="Passed" testListId="8c84fa94-04c1-424b-9868-57a2d4851a1d" relativeResultsDirectory="75403ac9-65f4-4151-b6f7-c2ce0f578122" />
    <UnitTestResult executionId="7925aeb8-1dab-4c74-bd28-e9726be084cc" testId="792bb060-7c38-a6a5-e218-d560a600dbaf" testName="KindMapping_ContainsCoreNodeKinds" computerName="MacBook-Air" duration="00:00:00.0004740" startTime="2026-06-09T17:03:07.8223680+02:00" endTime="2026-06-09T17:03:07.8228430+02:00" testType="13cdc9d9-ddb5-4fa4-a97d-d965ccfc6d4b" outcome="Passed" testListId="8c84fa94-04c1-424b-9868-57a2d4851a1d" relativeResultsDirectory="7925aeb8-1dab-4c74-bd28-e9726be084cc" />
    <UnitTestResult executionId="6a379971-8dbc-4f75-abb0-e234fda05f93" testId="de2a1624-e5ac-5513-5d43-13d7dc0617d7" testName="Test_GetProjectDependencies" computerName="MacBook-Air" duration="00:00:00.0738250" startTime="2026-06-09T17:03:06.2808830+02:00" endTime="2026-06-09T17:03:06.3547090+02:00" testType="13cdc9d9-ddb5-4fa4-a97d-d965ccfc6d4b" outcome="Passed" testListId="8c84fa94-04c1-424b-9868-57a2d4851a1d" relativeResultsDirectory="6a379971-8dbc-4f75-abb0-e234fda05f93">
      <Output>
        <StdOut>Tool get_project_dependencies executed successfully.</StdOut>
      </Output>
    </UnitTestResult>
    <UnitTestResult executionId="bf89740a-1635-4c30-ab29-30229d38f2e4" testId="4ffc9986-a00a-e878-63c6-9794020ef2b1" testName="Test_SequenceDetector_ExactStrategy" computerName="MacBook-Air" duration="00:00:00.0060360" startTime="2026-06-09T17:03:12.7067120+02:00" endTime="2026-06-09T17:03:12.7127480+02:00" testType="13cdc9d9-ddb5-4fa4-a97d-d965ccfc6d4b" outcome="Passed" testListId="8c84fa94-04c1-424b-9868-57a2d4851a1d" relativeResultsDirectory="bf89740a-1635-4c30-ab29-30229d38f2e4" />
    <UnitTestResult executionId="7f651de8-8197-4f21-a7ab-af6c2632a2fa" testId="a8b8cc6d-5a49-4731-650c-54d876cbd17f" testName="Test_NestedProjectsResolution" computerName="MacBook-Air" duration="00:00:01.7681530" startTime="2026-06-09T17:03:08.2044090+02:00" endTime="2026-06-09T17:03:09.9725710+02:00" testType="13cdc9d9-ddb5-4fa4-a97d-d965ccfc6d4b" outcome="Failed" testListId="8c84fa94-04c1-424b-9868-57a2d4851a1d" relativeResultsDirectory="7f651de8-8197-4f21-a7ab-af6c2632a2fa">
      <Output>
        <StdOut>Finished parsing file: ProjectA/ProjectB/serviceB.ts with 1 top-level symbols.
Finished parsing file: ProjectA/serviceA.ts with 1 top-level symbols.</StdOut>
        <StdErr>[2026-06-09 17:03:08.210] [+0ms] [WorkspaceIndexer] Starting background database persistence loop...

[2026-06-09 17:03:08.210] [+0ms] [WorkspaceIndexer] Clearing previous root workspace data for '/var/folders/72/1tkr9_kj1kjbsq032rr6m3400000gn/T/codeexplorer_nested_project_test_89a993dd-060a-4c04-b143-27818a6763a5'...

[WorkspaceParser] Starting scan of project 'ProjectA'...

[WorkspaceParser] Starting scan of project 'ProjectB'...

[WorkspaceParser] Completed structural scan of project 'ProjectB'.

[WorkspaceParser] Completed structural scan of project 'ProjectA'.

[2026-06-09 17:03:08.965] [+754ms] [WorkspaceParser] Starting syntax enrichment pass for 2 projects...

[WorkspaceParser] Starting syntax enrichment of project 'ProjectB'...

[WorkspaceParser] Completed syntax enrichment of project 'ProjectB'.

[WorkspaceParser] Starting syntax enrichment of project 'ProjectA'...

[WorkspaceParser] Completed syntax enrichment of project 'ProjectA'.

[2026-06-09 17:03:08.971] [+760ms] [LateBinding] Found 0 EntryPoints, 0 Endpoints, and 0 ExternalServices in the workspace.

[2026-06-09 17:03:09.616] [+1405ms] [WorkspaceIndexer] All background channel persistence writes completed! Total parsed: 15 nodes, 20 relationships.

[2026-06-09 17:03:09.616] [+1405ms] [WorkspaceIndexer] Resolving 2 global cross-references...

[2026-06-09 17:03:09.618] [+1407ms] [WorkspaceIndexer] Running Layer 2 semantic analysis via PostIndexAnalyzer...

[2026-06-09 17:03:09.788] [+1577ms] [WorkspaceIndexer] Indexing process completed successfully! Total Nodes: 15, Total Relationships: 20.</StdErr>
        <ErrorInfo>
          <Message>  Assert.That(resContains, Contains.Substring("\"p1Name\": \"ProjectA\""))
  Expected: String containing ""p1Name": "ProjectA""
  But was:  "[]"
</Message>
          <StackTrace>   at CodeExplorer.Tests.ParserValidationTests.Test_NestedProjectsResolution() in /Users/slava/Projects/Personal/CodeExplorer/Tests/CodeExplorer.Tests/ParserValidationTests.cs:line 1307
   at CodeExplorer.Tests.ParserValidationTests.Test_NestedProjectsResolution() in /Users/slava/Projects/Personal/CodeExplorer/Tests/CodeExplorer.Tests/ParserValidationTests.cs:line 1308
   at NUnit.Framework.Internal.TaskAwaitAdapter.GenericAdapter`1.BlockUntilCompleted()
   at NUnit.Framework.Internal.MessagePumpStrategy.NoMessagePumpStrategy.WaitForCompletion(AwaitAdapter awaiter)
   at NUnit.Framework.Internal.AsyncToSyncAdapter.Await[TResult](Func`1 invoke)
   at NUnit.Framework.Internal.AsyncToSyncAdapter.Await(Func`1 invoke)
   at NUnit.Framework.Internal.Commands.TestMethodCommand.RunTestMethod(TestExecutionContext context)
   at NUnit.Framework.Internal.Commands.TestMethodCommand.Execute(TestExecutionContext context)
   at NUnit.Framework.Internal.Execution.SimpleWorkItem.&lt;&gt;c__DisplayClass3_0.&lt;PerformWork&gt;b__0()
   at NUnit.Framework.Internal.ContextUtils.&lt;&gt;c__DisplayClass1_0`1.&lt;DoIsolated&gt;b__0(Object _)

1)    at CodeExplorer.Tests.ParserValidationTests.Test_NestedProjectsResolution() in /Users/slava/Projects/Personal/CodeExplorer/Tests/CodeExplorer.Tests/ParserValidationTests.cs:line 1307

</StackTrace>
        </ErrorInfo>
      </Output>
    </UnitTestResult>
    <UnitTestResult executionId="8867c67e-2a7d-49f7-b7b5-8450adba6bad" testId="b86144c5-e162-ce78-1d12-c45c2331977a" testName="Test_GoParser_EmbeddedSql" computerName="MacBook-Air" duration="00:00:00.0690890" startTime="2026-06-09T17:03:08.1047980+02:00" endTime="2026-06-09T17:03:08.1738880+02:00" testType="13cdc9d9-ddb5-4fa4-a97d-d965ccfc6d4b" outcome="Passed" testListId="8c84fa94-04c1-424b-9868-57a2d4851a1d" relativeResultsDirectory="8867c67e-2a7d-49f7-b7b5-8450adba6bad">
      <Output>
        <StdOut>Finished parsing file: embedded_sql_test.go with 1 top-level symbols.</StdOut>
      </Output>
    </UnitTestResult>
    <UnitTestResult executionId="951b2888-29cd-4677-9153-9fbe69cc27df" testId="9672c432-8278-c900-578d-1ea9ca977fb6" testName="ExtractsOwnsRelationship" computerName="MacBook-Air" duration="00:00:00.0006669" startTime="2026-06-09T17:03:07.7792080+02:00" endTime="2026-06-09T17:03:07.7798750+02:00" testType="13cdc9d9-ddb5-4fa4-a97d-d965ccfc6d4b" outcome="Passed" testListId="8c84fa94-04c1-424b-9868-57a2d4851a1d" relativeResultsDirectory="951b2888-29cd-4677-9153-9fbe69cc27df" />
    <UnitTestResult executionId="e1700067-d01e-42c0-8667-a742b45b5fdb" testId="25f5d524-9c2c-04a3-7f83-2b5e20748677" testName="Test_LibraryTrieRegistry_Matching" computerName="MacBook-Air" duration="00:00:00.0012830" startTime="2026-06-09T17:03:08.2027470+02:00" endTime="2026-06-09T17:03:08.2040290+02:00" testType="13cdc9d9-ddb5-4fa4-a97d-d965ccfc6d4b" outcome="Passed" testListId="8c84fa94-04c1-424b-9868-57a2d4851a1d" relativeResultsDirectory="e1700067-d01e-42c0-8667-a742b45b5fdb" />
    <UnitTestResult executionId="ded85e16-715e-4c0b-ae84-35e9500927ce" testId="eff3846e-7703-24aa-4ed3-627eb8ce07d4" testName="Test_TypeBindingsAndCallsResolution" computerName="MacBook-Air" duration="00:00:00.8761090" startTime="2026-06-09T17:03:10.2102340+02:00" endTime="2026-06-09T17:03:11.0863480+02:00" testType="13cdc9d9-ddb5-4fa4-a97d-d965ccfc6d4b" outcome="Passed" testListId="8c84fa94-04c1-424b-9868-57a2d4851a1d" relativeResultsDirectory="ded85e16-715e-4c0b-ae84-35e9500927ce">
      <Output>
        <StdOut>Finished parsing file: ProjectA/OrderService.ts with 2 top-level symbols.</StdOut>
        <StdErr>[2026-06-09 17:03:10.214] [+0ms] [WorkspaceIndexer] Starting background database persistence loop...

[2026-06-09 17:03:10.214] [+0ms] [WorkspaceIndexer] Clearing previous root workspace data for '/var/folders/72/1tkr9_kj1kjbsq032rr6m3400000gn/T/codeexplorer_typebinding_test_23c659ad-365b-4973-97f3-c3b4c28664d1'...

[WorkspaceParser] Starting scan of project 'ProjectA'...

[WorkspaceParser] Completed structural scan of project 'ProjectA'.

[2026-06-09 17:03:10.405] [+191ms] [WorkspaceParser] Starting syntax enrichment pass for 1 projects...

[WorkspaceParser] Starting syntax enrichment of project 'ProjectA'...

[WorkspaceParser] Completed syntax enrichment of project 'ProjectA'.

[2026-06-09 17:03:10.420] [+206ms] [LateBinding] Found 0 EntryPoints, 0 Endpoints, and 0 ExternalServices in the workspace.

[2026-06-09 17:03:10.764] [+550ms] [WorkspaceIndexer] All background channel persistence writes completed! Total parsed: 14 nodes, 17 relationships.

[2026-06-09 17:03:10.764] [+550ms] [WorkspaceIndexer] Resolving 5 global cross-references...

[2026-06-09 17:03:10.768] [+554ms] [WorkspaceIndexer] Uploading 2 resolved reference relationships...

[2026-06-09 17:03:10.837] [+622ms] [WorkspaceIndexer] Running Layer 2 semantic analysis via PostIndexAnalyzer...

[2026-06-09 17:03:11.050] [+836ms] [WorkspaceIndexer] Indexing process completed successfully! Total Nodes: 14, Total Relationships: 19.</StdErr>
      </Output>
    </UnitTestResult>
    <UnitTestResult executionId="84f484d7-d05e-4262-9aa7-5fb63101febc" testId="c5e28637-7f64-2d30-b6ab-268beea8c124" testName="Test_NestedSqlParser_CleanQueryText_NestedQuotes" computerName="MacBook-Air" duration="00:00:00.0003440" startTime="2026-06-09T17:03:09.9748800+02:00" endTime="2026-06-09T17:03:09.9752250+02:00" testType="13cdc9d9-ddb5-4fa4-a97d-d965ccfc6d4b" outcome="Passed" testListId="8c84fa94-04c1-424b-9868-57a2d4851a1d" relativeResultsDirectory="84f484d7-d05e-4262-9aa7-5fb63101febc" />
    <UnitTestResult executionId="9b4810e0-5e8b-4a90-b57a-30a5fb69a924" testId="07206732-c079-3f39-ef03-b6df241afe66" testName="Test_GetProjectEntryPoints" computerName="MacBook-Air" duration="00:00:00.0414090" startTime="2026-06-09T17:03:06.3551910+02:00" endTime="2026-06-09T17:03:06.3966010+02:00" testType="13cdc9d9-ddb5-4fa4-a97d-d965ccfc6d4b" outcome="Passed" testListId="8c84fa94-04c1-424b-9868-57a2d4851a1d" relativeResultsDirectory="9b4810e0-5e8b-4a90-b57a-30a5fb69a924">
      <Output>
        <StdOut>Tool get_project_entry_points executed successfully.</StdOut>
      </Output>
    </UnitTestResult>
    <UnitTestResult executionId="c4712d0c-461f-4c26-adb7-fbe982eea05b" testId="d8c99413-886d-5f23-138b-1bb8819af7a8" testName="ExtractsZooNode" computerName="MacBook-Air" duration="00:00:00.0004510" startTime="2026-06-09T17:03:07.7799640+02:00" endTime="2026-06-09T17:03:07.7804150+02:00" testType="13cdc9d9-ddb5-4fa4-a97d-d965ccfc6d4b" outcome="Passed" testListId="8c84fa94-04c1-424b-9868-57a2d4851a1d" relativeResultsDirectory="c4712d0c-461f-4c26-adb7-fbe982eea05b" />
    <UnitTestResult executionId="90186952-e471-4a35-aa6e-89dae17ea300" testId="5340d87e-c8e3-6c15-d217-d325d0c2b6dc" testName="Test_WorkspaceLevelParser_DynamicDetectionAndLateBinding" computerName="MacBook-Air" duration="00:00:01.2718280" startTime="2026-06-09T17:03:11.4342690+02:00" endTime="2026-06-09T17:03:12.7061040+02:00" testType="13cdc9d9-ddb5-4fa4-a97d-d965ccfc6d4b" outcome="Passed" testListId="8c84fa94-04c1-424b-9868-57a2d4851a1d" relativeResultsDirectory="90186952-e471-4a35-aa6e-89dae17ea300">
      <Output>
        <StdOut>Finished parsing file: ProjectA/Client.cs with 1 top-level symbols.
Finished parsing file: ProjectB/server.ts with 2 top-level symbols.
[DEBUG NODES] [
  {
    "label": "Workspace",
    "id": 9,
    "name": "codeexplorer_test_workspace_6f9c3803-8a9a-4569-afdd-ade6b003ef4d"
  },
  {
    "label": "FilesStructure",
    "id": "9:files_structure",
    "name": "FilesStructure"
  },
  {
    "label": "Folder",
    "id": "9:folder:/var/folders/72/1tkr9_kj1kjbsq032rr6m3400000gn/T/codeexplorer_test_workspace_6f9c3803-8a9a-4569-afdd-ade6b003ef4d/ProjectA",
    "name": "ProjectA"
  },
  {
    "label": "Folder",
    "id": "9:folder:/var/folders/72/1tkr9_kj1kjbsq032rr6m3400000gn/T/codeexplorer_test_workspace_6f9c3803-8a9a-4569-afdd-ade6b003ef4d/ProjectB",
    "name": "ProjectB"
  },
  {
    "label": "File",
    "id": "9:file:ProjectA/Client.cs",
    "name": "Client.cs"
  },
  {
    "label": "File",
    "id": "9:file:ProjectB/server.ts",
    "name": "server.ts"
  },
  {
    "label": "Type",
    "id": "9:symbol:ProjectA/Client.cs:Type:Client:2",
    "name": "Client"
  },
  {
    "label": "Type",
    "id": "9:symbol:ProjectB/server.ts:Type:OrdersController:3",
    "name": "OrdersController"
  },
  {
    "label": "Function",
    "id": "9:symbol:ProjectA/Client.cs:Function:Call:3",
    "name": "Call"
  },
  {
    "label": "Function",
    "id": "9:symbol:ProjectB/server.ts:Function:charge:5",
    "name": "charge"
  },
  {
    "label": "ExternalService",
    "id": "9:externalservice:http:localhost",
    "name": "localhost"
  },
  {
    "label": "Endpoint",
    "id": "9:endpoint:GET:orders",
    "name": "GET:orders"
  },
  {
    "label": "Endpoint",
    "id": "9:endpoint:POST:charge",
    "name": "POST:charge"
  },
  {
    "label": "ProjectsStructure",
    "id": "9:projects_structure",
    "name": "ProjectsStructure"
  },
  {
    "label": "Project",
    "id": "9:project:ProjectA:",
    "name": "ProjectA"
  },
  {
    "label": "Project",
    "id": "9:project:ProjectB:",
    "name": "ProjectB"
  },
  {
    "label": "Package",
    "id": "9:package:projecta",
    "name": "ProjectA"
  },
  {
    "label": "Package",
    "id": "9:package:projectb",
    "name": "ProjectB"
  },
  {
    "label": "SyntaxStructure",
    "id": "9:syntax_structure",
    "name": "SyntaxStructure"
  },
  {
    "label": "SemanticStructure",
    "id": "9:semantic_structure",
    "name": "SemanticStructure"
  },
  {
    "label": "ApiInUse",
    "id": "9:project:ProjectA:api:httpclient",
    "name": "HttpClient"
  }
]
[DEBUG RELS] [
  {
    "from_label": "Workspace",
    "from_name": "codeexplorer_test_workspace_6f9c3803-8a9a-4569-afdd-ade6b003ef4d",
    "rel_type": "CONTAINS",
    "to_label": "FilesStructure",
    "to_name": "FilesStructure"
  },
  {
    "from_label": "Workspace",
    "from_name": "codeexplorer_test_workspace_6f9c3803-8a9a-4569-afdd-ade6b003ef4d",
    "rel_type": "CONTAINS",
    "to_label": "ProjectsStructure",
    "to_name": "ProjectsStructure"
  },
  {
    "from_label": "Workspace",
    "from_name": "codeexplorer_test_workspace_6f9c3803-8a9a-4569-afdd-ade6b003ef4d",
    "rel_type": "CONTAINS",
    "to_label": "SyntaxStructure",
    "to_name": "SyntaxStructure"
  },
  {
    "from_label": "Workspace",
    "from_name": "codeexplorer_test_workspace_6f9c3803-8a9a-4569-afdd-ade6b003ef4d",
    "rel_type": "CONTAINS",
    "to_label": "SemanticStructure",
    "to_name": "SemanticStructure"
  },
  {
    "from_label": "FilesStructure",
    "from_name": "FilesStructure",
    "rel_type": "CONTAINS",
    "to_label": "Folder",
    "to_name": "ProjectA"
  },
  {
    "from_label": "FilesStructure",
    "from_name": "FilesStructure",
    "rel_type": "CONTAINS",
    "to_label": "Folder",
    "to_name": "ProjectB"
  },
  {
    "from_label": "Folder",
    "from_name": "ProjectA",
    "rel_type": "CONTAINS",
    "to_label": "File",
    "to_name": "Client.cs"
  },
  {
    "from_label": "Folder",
    "from_name": "ProjectB",
    "rel_type": "CONTAINS",
    "to_label": "File",
    "to_name": "server.ts"
  },
  {
    "from_label": "File",
    "from_name": "Client.cs",
    "rel_type": "USES_API",
    "to_label": "ApiInUse",
    "to_name": "HttpClient"
  },
  {
    "from_label": "Type",
    "from_name": "Client",
    "rel_type": "DECLARED_IN",
    "to_label": "File",
    "to_name": "Client.cs"
  },
  {
    "from_label": "Type",
    "from_name": "Client",
    "rel_type": "HAS_METHOD",
    "to_label": "Function",
    "to_name": "Call"
  },
  {
    "from_label": "Type",
    "from_name": "OrdersController",
    "rel_type": "DECLARED_IN",
    "to_label": "File",
    "to_name": "server.ts"
  },
  {
    "from_label": "Type",
    "from_name": "OrdersController",
    "rel_type": "HAS_METHOD",
    "to_label": "Function",
    "to_name": "charge"
  },
  {
    "from_label": "ExternalService",
    "from_name": "localhost",
    "rel_type": "CALLED_BY",
    "to_label": "Function",
    "to_name": "Call"
  },
  {
    "from_label": "ExternalService",
    "from_name": "localhost",
    "rel_type": "CALLS_ENDPOINT",
    "to_label": "Endpoint",
    "to_name": "POST:charge"
  },
  {
    "from_label": "Endpoint",
    "from_name": "GET:orders",
    "rel_type": "EXPOSED_BY",
    "to_label": "File",
    "to_name": "server.ts"
  },
  {
    "from_label": "Endpoint",
    "from_name": "POST:charge",
    "rel_type": "EXPOSED_BY",
    "to_label": "Type",
    "to_name": "OrdersController"
  },
  {
    "from_label": "Endpoint",
    "from_name": "POST:charge",
    "rel_type": "EXPOSED_BY",
    "to_label": "Function",
    "to_name": "charge"
  },
  {
    "from_label": "Endpoint",
    "from_name": "POST:charge",
    "rel_type": "TRIGGERS",
    "to_label": "Function",
    "to_name": "charge"
  },
  {
    "from_label": "Project",
    "from_name": "ProjectA",
    "rel_type": "LOCATED_IN",
    "to_label": "ProjectsStructure",
    "to_name": "ProjectsStructure"
  },
  {
    "from_label": "Project",
    "from_name": "ProjectA",
    "rel_type": "LOCATED_IN",
    "to_label": "Folder",
    "to_name": "ProjectA"
  },
  {
    "from_label": "Project",
    "from_name": "ProjectA",
    "rel_type": "DEPENDS_ON",
    "to_label": "Package",
    "to_name": "ProjectA"
  },
  {
    "from_label": "Project",
    "from_name": "ProjectB",
    "rel_type": "LOCATED_IN",
    "to_label": "ProjectsStructure",
    "to_name": "ProjectsStructure"
  },
  {
    "from_label": "Project",
    "from_name": "ProjectB",
    "rel_type": "LOCATED_IN",
    "to_label": "Folder",
    "to_name": "ProjectB"
  },
  {
    "from_label": "Project",
    "from_name": "ProjectB",
    "rel_type": "DEPENDS_ON",
    "to_label": "Package",
    "to_name": "ProjectB"
  },
  {
    "from_label": "SyntaxStructure",
    "from_name": "SyntaxStructure",
    "rel_type": "CONTAINS",
    "to_label": "Type",
    "to_name": "Client"
  },
  {
    "from_label": "SyntaxStructure",
    "from_name": "SyntaxStructure",
    "rel_type": "CONTAINS",
    "to_label": "Type",
    "to_name": "OrdersController"
  },
  {
    "from_label": "SemanticStructure",
    "from_name": "SemanticStructure",
    "rel_type": "CONTAINS",
    "to_label": "ApiInUse",
    "to_name": "HttpClient"
  },
  {
    "from_label": "SemanticStructure",
    "from_name": "SemanticStructure",
    "rel_type": "CONTAINS",
    "to_label": "ExternalService",
    "to_name": "localhost"
  },
  {
    "from_label": "SemanticStructure",
    "from_name": "SemanticStructure",
    "rel_type": "CONTAINS",
    "to_label": "Endpoint",
    "to_name": "GET:orders"
  },
  {
    "from_label": "SemanticStructure",
    "from_name": "SemanticStructure",
    "rel_type": "CONTAINS",
    "to_label": "Endpoint",
    "to_name": "POST:charge"
  }
]
[IntegrationTest] Parsed 21 nodes and 42 relationships successfully.</StdOut>
        <StdErr>[2026-06-09 17:03:11.453] [+0ms] [WorkspaceIndexer] Starting background database persistence loop...

[2026-06-09 17:03:11.454] [+1ms] [WorkspaceIndexer] Clearing previous root workspace data for '/var/folders/72/1tkr9_kj1kjbsq032rr6m3400000gn/T/codeexplorer_test_workspace_6f9c3803-8a9a-4569-afdd-ade6b003ef4d'...

[WorkspaceParser] Starting scan of project 'ProjectA'...

[WorkspaceParser] Completed structural scan of project 'ProjectA'.

[WorkspaceParser] Starting scan of project 'ProjectB'...

[WorkspaceParser] Completed structural scan of project 'ProjectB'.

[2026-06-09 17:03:11.720] [+266ms] [WorkspaceParser] Starting syntax enrichment pass for 2 projects...

[WorkspaceParser] Starting syntax enrichment of project 'ProjectA'...

[WorkspaceParser] Completed syntax enrichment of project 'ProjectA'.

[WorkspaceParser] Starting syntax enrichment of project 'ProjectB'...

[WorkspaceParser] Completed syntax enrichment of project 'ProjectB'.

[2026-06-09 17:03:11.739] [+285ms] [LateBinding] Found 0 EntryPoints, 5 Endpoints, and 3 ExternalServices in the workspace.

[2026-06-09 17:03:11.740] [+286ms] [LateBinding] Binding ExternalService '9:externalservice:http:localhost' to Endpoint '9:endpoint:POST:charge'

[2026-06-09 17:03:11.743] [+290ms] [LateBinding] Binding ExternalService '9:externalservice:http:localhost' to Endpoint '9:endpoint:POST:charge'

[2026-06-09 17:03:11.744] [+290ms] [LateBinding] Binding ExternalService '9:externalservice:http:localhost' to Endpoint '9:endpoint:POST:charge'

[2026-06-09 17:03:11.744] [+290ms] [LateBinding] Binding ExternalService '9:externalservice:http:localhost' to Endpoint '9:endpoint:POST:charge'

[2026-06-09 17:03:11.744] [+291ms] [LateBinding] Binding ExternalService '9:externalservice:http:localhost' to Endpoint '9:endpoint:POST:charge'

[2026-06-09 17:03:11.744] [+291ms] [LateBinding] Binding ExternalService '9:externalservice:http:localhost' to Endpoint '9:endpoint:POST:charge'

[2026-06-09 17:03:11.744] [+291ms] [LateBinding] Binding ExternalService '9:externalservice:http:localhost' to Endpoint '9:endpoint:POST:charge'

[2026-06-09 17:03:11.744] [+291ms] [LateBinding] Binding ExternalService '9:externalservice:http:localhost' to Endpoint '9:endpoint:POST:charge'

[2026-06-09 17:03:11.744] [+291ms] [LateBinding] Binding ExternalService '9:externalservice:http:localhost' to Endpoint '9:endpoint:POST:charge'

[2026-06-09 17:03:11.744] [+291ms] [LateBinding] Enqueuing 9 late-bound relationships...

[2026-06-09 17:03:11.998] [+544ms] [WorkspaceIndexer] All background channel persistence writes completed! Total parsed: 21 nodes, 38 relationships.

[2026-06-09 17:03:11.998] [+544ms] [WorkspaceIndexer] Uploading 1 local project dependency relationships...

[2026-06-09 17:03:12.011] [+558ms] [WorkspaceIndexer] Resolving 16 global cross-references...

[2026-06-09 17:03:12.013] [+560ms] [WorkspaceIndexer] Uploading 3 resolved reference relationships...

[2026-06-09 17:03:12.046] [+593ms] [WorkspaceIndexer] Running Layer 2 semantic analysis via PostIndexAnalyzer...

[2026-06-09 17:03:12.164] [+710ms] [WorkspaceIndexer] Indexing process completed successfully! Total Nodes: 21, Total Relationships: 42.</StdErr>
      </Output>
    </UnitTestResult>
    <UnitTestResult executionId="d37c6943-3d5b-4676-b112-ad912f765524" testId="edfb4c29-6d7b-b162-5247-800e0a9f418f" testName="RenderedMarkdownContainsAutoGeneratedHeader" computerName="MacBook-Air" duration="00:00:00.0186060" startTime="2026-06-09T17:03:07.7823000+02:00" endTime="2026-06-09T17:03:07.8009050+02:00" testType="13cdc9d9-ddb5-4fa4-a97d-d965ccfc6d4b" outcome="Passed" testListId="8c84fa94-04c1-424b-9868-57a2d4851a1d" relativeResultsDirectory="d37c6943-3d5b-4676-b112-ad912f765524" />
    <UnitTestResult executionId="f5090aab-97e3-42f3-a799-f5f699661911" testId="7fa66c33-802c-7c54-0272-604536e55d42" testName="Test_GetArchitectureMap" computerName="MacBook-Air" duration="00:00:00.0462940" startTime="2026-06-09T17:03:06.2056280+02:00" endTime="2026-06-09T17:03:06.2519220+02:00" testType="13cdc9d9-ddb5-4fa4-a97d-d965ccfc6d4b" outcome="Passed" testListId="8c84fa94-04c1-424b-9868-57a2d4851a1d" relativeResultsDirectory="f5090aab-97e3-42f3-a799-f5f699661911">
      <Output>
        <StdOut>Tool get_architecture_map executed successfully.</StdOut>
      </Output>
    </UnitTestResult>
    <UnitTestResult executionId="c1770d37-5fff-4cc1-9901-916d93971455" testId="52b7b850-0627-f16e-49a9-f3cf9b8beb64" testName="Test_RestNodeDefinition_ReturnsNotFoundForUnknown" computerName="MacBook-Air" duration="00:00:00.0083370" startTime="2026-06-09T17:03:07.0350650+02:00" endTime="2026-06-09T17:03:07.0434030+02:00" testType="13cdc9d9-ddb5-4fa4-a97d-d965ccfc6d4b" outcome="Passed" testListId="8c84fa94-04c1-424b-9868-57a2d4851a1d" relativeResultsDirectory="c1770d37-5fff-4cc1-9901-916d93971455" />
    <UnitTestResult executionId="62796d33-309f-4468-bad2-dda01daa783f" testId="e9999937-0ac7-f12a-f169-0b64f1c307cf" testName="Test_NodeSelector_Or_And_HasChild_And_FunctionNode" computerName="MacBook-Air" duration="00:00:00.0147610" startTime="2026-06-09T17:03:07.3617570+02:00" endTime="2026-06-09T17:03:07.3765190+02:00" testType="13cdc9d9-ddb5-4fa4-a97d-d965ccfc6d4b" outcome="Passed" testListId="8c84fa94-04c1-424b-9868-57a2d4851a1d" relativeResultsDirectory="62796d33-309f-4468-bad2-dda01daa783f" />
    <UnitTestResult executionId="dcfc5126-9f23-4df7-8988-94efc59207b4" testId="0a39a0b3-181d-fd7d-571d-2b3d1965b834" testName="Test_NewParserFeatures" computerName="MacBook-Air" duration="00:00:00.0921510" startTime="2026-06-09T17:03:09.9770590+02:00" endTime="2026-06-09T17:03:10.0692110+02:00" testType="13cdc9d9-ddb5-4fa4-a97d-d965ccfc6d4b" outcome="Passed" testListId="8c84fa94-04c1-424b-9868-57a2d4851a1d" relativeResultsDirectory="dcfc5126-9f23-4df7-8988-94efc59207b4">
      <Output>
        <StdOut>Finished parsing file: app.py with 2 top-level symbols.
--- GO AST START ---
Type: source_file, Text: package main import "net/http" func Register(r *gin.Engine) {     r.GET("/api/v1/users", GetUsers) } 
  Type: package_clause, Text: package main
    Type: package, Text: package
    Type: package_identifier, Text: main
  Type: import_declaration, Text: import "net/http"
    Type: import, Text: import
    Type: import_spec, Text: "net/http"
      Type: interpreted_string_literal, Text: "net/http"
        Type: ", Text: "
        Type: interpreted_string_literal_content, Text: net/http
        Type: ", Text: "
  Type: function_declaration, Text: func Register(r *gin.Engine) {     r.GET("/api/v1/users", GetUsers) }
    Type: func, Text: func
    Type: identifier, Text: Register
    Type: parameter_list, Text: (r *gin.Engine)
      Type: (, Text: (
      Type: parameter_declaration, Text: r *gin.Engine
        Type: identifier, Text: r
        Type: pointer_type, Text: *gin.Engine
          Type: *, Text: *
          Type: qualified_type, Text: gin.Engine
            Type: package_identifier, Text: gin
            Type: ., Text: .
            Type: type_identifier, Text: Engine
      Type: ), Text: )
    Type: block, Text: {     r.GET("/api/v1/users", GetUsers) }
      Type: {, Text: {
      Type: statement_list, Text: r.GET("/api/v1/users", GetUsers) 
        Type: expression_statement, Text: r.GET("/api/v1/users", GetUsers)
          Type: call_expression, Text: r.GET("/api/v1/users", GetUsers)
            Type: selector_expression, Text: r.GET
              Type: identifier, Text: r
              Type: ., Text: .
              Type: field_identifier, Text: GET
            Type: argument_list, Text: ("/api/v1/users", GetUsers)
              Type: (, Text: (
              Type: interpreted_string_literal, Text: "/api/v1/users"
                Type: ", Text: "
                Type: interpreted_string_literal_content, Text: /api/v1/users
                Type: ", Text: "
              Type: ,, Text: ,
              Type: identifier, Text: GetUsers
              Type: ), Text: )
      Type: }, Text: }
--- GO AST END ---
Library 'http/https' detected but parser is not implemented yet.
Finished parsing file: main.go with 1 top-level symbols.</StdOut>
      </Output>
    </UnitTestResult>
    <UnitTestResult executionId="8decaa10-251a-4b3a-83d1-2eafcd31eb4b" testId="ab81f5de-c238-6660-da6c-8a4b6a09bbe6" testName="Test_PythonParser_EmbeddedSql" computerName="MacBook-Air" duration="00:00:00.0204840" startTime="2026-06-09T17:03:10.0701880+02:00" endTime="2026-06-09T17:03:10.0906720+02:00" testType="13cdc9d9-ddb5-4fa4-a97d-d965ccfc6d4b" outcome="Passed" testListId="8c84fa94-04c1-424b-9868-57a2d4851a1d" relativeResultsDirectory="8decaa10-251a-4b3a-83d1-2eafcd31eb4b">
      <Output>
        <StdOut>Finished parsing file: embedded_sql_test.py with 1 top-level symbols.</StdOut>
      </Output>
    </UnitTestResult>
    <UnitTestResult executionId="bf073421-f9c9-4c18-b96e-1495b0a926eb" testId="f8217231-c2a5-b351-7488-d5dd582ac607" testName="GetNodeDefinition_ReturnsValidDefinitionForWorkspace" computerName="MacBook-Air" duration="00:00:00.0034090" startTime="2026-06-09T17:03:07.8180320+02:00" endTime="2026-06-09T17:03:07.8214410+02:00" testType="13cdc9d9-ddb5-4fa4-a97d-d965ccfc6d4b" outcome="Passed" testListId="8c84fa94-04c1-424b-9868-57a2d4851a1d" relativeResultsDirectory="bf073421-f9c9-4c18-b96e-1495b0a926eb" />
    <UnitTestResult executionId="cf628e5f-bb82-4929-889d-1f8085c4eaca" testId="064f1795-ec2d-e527-345b-47eb28bc964e" testName="ZooHasOwnsEdgeToAnimal" computerName="MacBook-Air" duration="00:00:00.0005680" startTime="2026-06-09T17:03:07.8160830+02:00" endTime="2026-06-09T17:03:07.8166510+02:00" testType="13cdc9d9-ddb5-4fa4-a97d-d965ccfc6d4b" outcome="Passed" testListId="8c84fa94-04c1-424b-9868-57a2d4851a1d" relativeResultsDirectory="cf628e5f-bb82-4929-889d-1f8085c4eaca" />
    <UnitTestResult executionId="48ba7027-9e6c-474a-805e-46e8554291d9" testId="65d83d89-502c-3ee0-911d-2af51dbe6d35" testName="Test_SequenceDetector_SuffixStrategy" computerName="MacBook-Air" duration="00:00:00.0010169" startTime="2026-06-09T17:03:12.7171570+02:00" endTime="2026-06-09T17:03:12.7181730+02:00" testType="13cdc9d9-ddb5-4fa4-a97d-d965ccfc6d4b" outcome="Passed" testListId="8c84fa94-04c1-424b-9868-57a2d4851a1d" relativeResultsDirectory="48ba7027-9e6c-474a-805e-46e8554291d9" />
    <UnitTestResult executionId="a1c9a738-6ab3-439c-8e22-d6ff7df12bf0" testId="16b3faed-9a4a-e453-df5f-6e6391da06ad" testName="GetNodeDefinition_ReturnsErrorForInvalidKind(&quot;   &quot;)" computerName="MacBook-Air" duration="00:00:00.0000100" startTime="2026-06-09T17:03:07.8176620+02:00" endTime="2026-06-09T17:03:07.8176720+02:00" testType="13cdc9d9-ddb5-4fa4-a97d-d965ccfc6d4b" outcome="Passed" testListId="8c84fa94-04c1-424b-9868-57a2d4851a1d" relativeResultsDirectory="a1c9a738-6ab3-439c-8e22-d6ff7df12bf0" />
    <UnitTestResult executionId="3806c599-a8a4-48b5-959e-590783411f03" testId="4d11df0c-1411-4c54-5c74-302856344ad6" testName="ToSnakeCase_ConvertsCorrectly" computerName="MacBook-Air" duration="00:00:00.0004060" startTime="2026-06-09T17:03:07.8228540+02:00" endTime="2026-06-09T17:03:07.8232600+02:00" testType="13cdc9d9-ddb5-4fa4-a97d-d965ccfc6d4b" outcome="Passed" testListId="8c84fa94-04c1-424b-9868-57a2d4851a1d" relativeResultsDirectory="3806c599-a8a4-48b5-959e-590783411f03" />
    <UnitTestResult executionId="63531477-cb62-45ff-b1ed-2ffa49b1c4e1" testId="6bd5140b-91bb-7e40-552d-b80a49c68dfe" testName="Test_SemanticModel_DbTypeMapping" computerName="MacBook-Air" duration="00:00:00.0136060" startTime="2026-06-09T17:03:10.1960470+02:00" endTime="2026-06-09T17:03:10.2096530+02:00" testType="13cdc9d9-ddb5-4fa4-a97d-d965ccfc6d4b" outcome="Passed" testListId="8c84fa94-04c1-424b-9868-57a2d4851a1d" relativeResultsDirectory="63531477-cb62-45ff-b1ed-2ffa49b1c4e1" />
    <UnitTestResult executionId="1c4a5ca8-5f8c-4f73-88e6-23bbb2ecde7b" testId="d5e37d0f-1386-1733-569a-866c6ac4c784" testName="RenderedMarkdownContainsIncomingEdgeForAnimal" computerName="MacBook-Air" duration="00:00:00.0005820" startTime="2026-06-09T17:03:07.8140390+02:00" endTime="2026-06-09T17:03:07.8146210+02:00" testType="13cdc9d9-ddb5-4fa4-a97d-d965ccfc6d4b" outcome="Passed" testListId="8c84fa94-04c1-424b-9868-57a2d4851a1d" relativeResultsDirectory="1c4a5ca8-5f8c-4f73-88e6-23bbb2ecde7b" />
    <UnitTestResult executionId="9d1ba1e4-0ff8-452b-b5b8-13b9b9cbda09" testId="f5813a33-cc5f-0cd6-fbfb-13f9f0a397b9" testName="Test_LibraryParsers_CSharpAndTS" computerName="MacBook-Air" duration="00:00:00.0284460" startTime="2026-06-09T17:03:08.1740690+02:00" endTime="2026-06-09T17:03:08.2025150+02:00" testType="13cdc9d9-ddb5-4fa4-a97d-d965ccfc6d4b" outcome="Passed" testListId="8c84fa94-04c1-424b-9868-57a2d4851a1d" relativeResultsDirectory="9d1ba1e4-0ff8-452b-b5b8-13b9b9cbda09">
      <Output>
        <StdOut>Finished parsing file: Service.cs with 1 top-level symbols.
Finished parsing file: app.ts with 2 top-level symbols.</StdOut>
      </Output>
    </UnitTestResult>
    <UnitTestResult executionId="8a9ce0dc-9c6d-4b34-a81a-b39bafee7a88" testId="8b4a6ba4-e572-be65-6027-061e836eecf0" testName="HabitatNodeHasNoOutboundEdges" computerName="MacBook-Air" duration="00:00:00.0011720" startTime="2026-06-09T17:03:07.7805850+02:00" endTime="2026-06-09T17:03:07.7817560+02:00" testType="13cdc9d9-ddb5-4fa4-a97d-d965ccfc6d4b" outcome="Passed" testListId="8c84fa94-04c1-424b-9868-57a2d4851a1d" relativeResultsDirectory="8a9ce0dc-9c6d-4b34-a81a-b39bafee7a88" />
    <UnitTestResult executionId="b1c9a6d0-94d2-4efc-8b29-c26b24b247f4" testId="5bc770e5-3363-ff19-c1e1-3ff5f8a596fc" testName="Test_FindRefactoringOpportunities" computerName="MacBook-Air" duration="00:00:00.1217200" startTime="2026-06-09T17:03:06.0837060+02:00" endTime="2026-06-09T17:03:06.2054270+02:00" testType="13cdc9d9-ddb5-4fa4-a97d-d965ccfc6d4b" outcome="Passed" testListId="8c84fa94-04c1-424b-9868-57a2d4851a1d" relativeResultsDirectory="b1c9a6d0-94d2-4efc-8b29-c26b24b247f4">
      <Output>
        <StdOut>Tool find_refactoring_opportunities executed successfully.</StdOut>
      </Output>
    </UnitTestResult>
    <UnitTestResult executionId="6de21bf3-4257-4857-97e1-3476efe07d5b" testId="c05771fc-06a9-9a59-3bdc-aec48ad63b68" testName="PropertiesWithoutAttributeAreExcluded" computerName="MacBook-Air" duration="00:00:00.0003810" startTime="2026-06-09T17:03:07.7818950+02:00" endTime="2026-06-09T17:03:07.7822760+02:00" testType="13cdc9d9-ddb5-4fa4-a97d-d965ccfc6d4b" outcome="Passed" testListId="8c84fa94-04c1-424b-9868-57a2d4851a1d" relativeResultsDirectory="6de21bf3-4257-4857-97e1-3476efe07d5b" />
    <UnitTestResult executionId="1c091551-d434-4ef4-b582-420e133e7bb2" testId="26049e90-1a44-234b-b819-41f395f82e8b" testName="Test_TypeScriptParser_WithExamples" computerName="MacBook-Air" duration="00:00:00.1678140" startTime="2026-06-09T17:03:11.2660930+02:00" endTime="2026-06-09T17:03:11.4339080+02:00" testType="13cdc9d9-ddb5-4fa4-a97d-d965ccfc6d4b" outcome="Passed" testListId="8c84fa94-04c1-424b-9868-57a2d4851a1d" relativeResultsDirectory="1c091551-d434-4ef4-b582-420e133e7bb2">
      <Output>
        <StdOut>Finished parsing file: bq-routes-calculation/src/cron/cron.service.ts with 1 top-level symbols.

================== PARSED FILE: cron.service.ts ==================
  - Node ID: :symbol:bq-routes-calculation/src/cron/cron.service.ts:Type:BundleInvalidsCleanupCron:7, Kind: Type, Name: BundleInvalidsCleanupCron
    References:
      * ScopeSymbolId: :symbol:bq-routes-calculation/src/cron/cron.service.ts:Type:BundleInvalidsCleanupCron:7, TargetName: BundleInvalidsCleanupCron, Kind: POTENTIAL_TYPE
    - Node ID: :symbol:bq-routes-calculation/src/cron/cron.service.ts:Function:start:10, Kind: Function, Name: start
      References:
        * ScopeSymbolId: :symbol:bq-routes-calculation/src/cron/cron.service.ts:Function:start:10, TargetName: scheduleNextRun, Kind: POTENTIAL_TYPE
        * ScopeSymbolId: :symbol:bq-routes-calculation/src/cron/cron.service.ts:Function:start:10, TargetName: scheduleNextRun, Kind: CALLS
        * ScopeSymbolId: :symbol:bq-routes-calculation/src/cron/cron.service.ts:Function:start:10, TargetName: scheduleNextRun, Kind: POTENTIAL_TYPE
      - Node ID: :symbol:bq-routes-calculation/src/cron/cron.service.ts:Function:scheduleNextRun:11, Kind: Function, Name: scheduleNextRun
        References:
          * ScopeSymbolId: :symbol:bq-routes-calculation/src/cron/cron.service.ts:Function:scheduleNextRun:11, TargetName: delay, Kind: POTENTIAL_TYPE
          * ScopeSymbolId: :symbol:bq-routes-calculation/src/cron/cron.service.ts:Function:scheduleNextRun:11, TargetName: getDelayUntilNextUtcHour, Kind: CALLS
          * ScopeSymbolId: :symbol:bq-routes-calculation/src/cron/cron.service.ts:Function:scheduleNextRun:11, TargetName: getDelayUntilNextUtcHour, Kind: POTENTIAL_TYPE
          * ScopeSymbolId: :symbol:bq-routes-calculation/src/cron/cron.service.ts:Function:scheduleNextRun:11, TargetName: DAILY_CRON_RUN_HOUR_UTC, Kind: POTENTIAL_TYPE
          * ScopeSymbolId: :symbol:bq-routes-calculation/src/cron/cron.service.ts:Function:scheduleNextRun:11, TargetName: nextRunAt, Kind: POTENTIAL_TYPE
          * ScopeSymbolId: :symbol:bq-routes-calculation/src/cron/cron.service.ts:Function:scheduleNextRun:11, TargetName: toISOString, Kind: CALLS
          * ScopeSymbolId: :symbol:bq-routes-calculation/src/cron/cron.service.ts:Function:scheduleNextRun:11, TargetName: Date, Kind: POTENTIAL_TYPE
          * ScopeSymbolId: :symbol:bq-routes-calculation/src/cron/cron.service.ts:Function:scheduleNextRun:11, TargetName: now, Kind: CALLS
          * ScopeSymbolId: :symbol:bq-routes-calculation/src/cron/cron.service.ts:Function:scheduleNextRun:11, TargetName: Date, Kind: POTENTIAL_TYPE
          * ScopeSymbolId: :symbol:bq-routes-calculation/src/cron/cron.service.ts:Function:scheduleNextRun:11, TargetName: delay, Kind: POTENTIAL_TYPE
          * ScopeSymbolId: :symbol:bq-routes-calculation/src/cron/cron.service.ts:Function:scheduleNextRun:11, TargetName: log, Kind: CALLS
          * ScopeSymbolId: :symbol:bq-routes-calculation/src/cron/cron.service.ts:Function:scheduleNextRun:11, TargetName: setDescription, Kind: CALLS
          * ScopeSymbolId: :symbol:bq-routes-calculation/src/cron/cron.service.ts:Function:scheduleNextRun:11, TargetName: setTag, Kind: CALLS
          * ScopeSymbolId: :symbol:bq-routes-calculation/src/cron/cron.service.ts:Function:scheduleNextRun:11, TargetName: Logger, Kind: POTENTIAL_TYPE
          * ScopeSymbolId: :symbol:bq-routes-calculation/src/cron/cron.service.ts:Function:scheduleNextRun:11, TargetName: setTimeout, Kind: CALLS
          * ScopeSymbolId: :symbol:bq-routes-calculation/src/cron/cron.service.ts:Function:scheduleNextRun:11, TargetName: setTimeout, Kind: POTENTIAL_TYPE
          * ScopeSymbolId: :symbol:bq-routes-calculation/src/cron/cron.service.ts:Function:scheduleNextRun:11, TargetName: log, Kind: CALLS
          * ScopeSymbolId: :symbol:bq-routes-calculation/src/cron/cron.service.ts:Function:scheduleNextRun:11, TargetName: setTag, Kind: CALLS
          * ScopeSymbolId: :symbol:bq-routes-calculation/src/cron/cron.service.ts:Function:scheduleNextRun:11, TargetName: Logger, Kind: POTENTIAL_TYPE
          * ScopeSymbolId: :symbol:bq-routes-calculation/src/cron/cron.service.ts:Function:scheduleNextRun:11, TargetName: queryPath, Kind: POTENTIAL_TYPE
          * ScopeSymbolId: :symbol:bq-routes-calculation/src/cron/cron.service.ts:Function:scheduleNextRun:11, TargetName: resolve, Kind: CALLS
          * ScopeSymbolId: :symbol:bq-routes-calculation/src/cron/cron.service.ts:Function:scheduleNextRun:11, TargetName: path, Kind: POTENTIAL_TYPE
          * ScopeSymbolId: :symbol:bq-routes-calculation/src/cron/cron.service.ts:Function:scheduleNextRun:11, TargetName: query, Kind: POTENTIAL_TYPE
          * ScopeSymbolId: :symbol:bq-routes-calculation/src/cron/cron.service.ts:Function:scheduleNextRun:11, TargetName: readBigQuerySqlFile, Kind: CALLS
          * ScopeSymbolId: :symbol:bq-routes-calculation/src/cron/cron.service.ts:Function:scheduleNextRun:11, TargetName: readBigQuerySqlFile, Kind: POTENTIAL_TYPE
          * ScopeSymbolId: :symbol:bq-routes-calculation/src/cron/cron.service.ts:Function:scheduleNextRun:11, TargetName: queryPath, Kind: POTENTIAL_TYPE
          * ScopeSymbolId: :symbol:bq-routes-calculation/src/cron/cron.service.ts:Function:scheduleNextRun:11, TargetName: labels, Kind: POTENTIAL_TYPE
          * ScopeSymbolId: :symbol:bq-routes-calculation/src/cron/cron.service.ts:Function:scheduleNextRun:11, TargetName: createSqlFileLabels, Kind: CALLS
          * ScopeSymbolId: :symbol:bq-routes-calculation/src/cron/cron.service.ts:Function:scheduleNextRun:11, TargetName: createSqlFileLabels, Kind: POTENTIAL_TYPE
          * ScopeSymbolId: :symbol:bq-routes-calculation/src/cron/cron.service.ts:Function:scheduleNextRun:11, TargetName: queryPath, Kind: POTENTIAL_TYPE
          * ScopeSymbolId: :symbol:bq-routes-calculation/src/cron/cron.service.ts:Function:scheduleNextRun:11, TargetName: executeQuery, Kind: CALLS
          * ScopeSymbolId: :symbol:bq-routes-calculation/src/cron/cron.service.ts:Function:scheduleNextRun:11, TargetName: BQ, Kind: POTENTIAL_TYPE
          * ScopeSymbolId: :symbol:bq-routes-calculation/src/cron/cron.service.ts:Function:scheduleNextRun:11, TargetName: query, Kind: POTENTIAL_TYPE
          * ScopeSymbolId: :symbol:bq-routes-calculation/src/cron/cron.service.ts:Function:scheduleNextRun:11, TargetName: labels, Kind: POTENTIAL_TYPE
          * ScopeSymbolId: :symbol:bq-routes-calculation/src/cron/cron.service.ts:Function:scheduleNextRun:11, TargetName: log, Kind: CALLS
          * ScopeSymbolId: :symbol:bq-routes-calculation/src/cron/cron.service.ts:Function:scheduleNextRun:11, TargetName: setTag, Kind: CALLS
          * ScopeSymbolId: :symbol:bq-routes-calculation/src/cron/cron.service.ts:Function:scheduleNextRun:11, TargetName: Logger, Kind: POTENTIAL_TYPE
          * ScopeSymbolId: :symbol:bq-routes-calculation/src/cron/cron.service.ts:Function:scheduleNextRun:11, TargetName: e, Kind: POTENTIAL_TYPE
          * ScopeSymbolId: :symbol:bq-routes-calculation/src/cron/cron.service.ts:Function:scheduleNextRun:11, TargetName: error, Kind: CALLS
          * ScopeSymbolId: :symbol:bq-routes-calculation/src/cron/cron.service.ts:Function:scheduleNextRun:11, TargetName: setTag, Kind: CALLS
          * ScopeSymbolId: :symbol:bq-routes-calculation/src/cron/cron.service.ts:Function:scheduleNextRun:11, TargetName: Logger, Kind: POTENTIAL_TYPE
          * ScopeSymbolId: :symbol:bq-routes-calculation/src/cron/cron.service.ts:Function:scheduleNextRun:11, TargetName: e, Kind: POTENTIAL_TYPE
          * ScopeSymbolId: :symbol:bq-routes-calculation/src/cron/cron.service.ts:Function:scheduleNextRun:11, TargetName: scheduleNextRun, Kind: CALLS
          * ScopeSymbolId: :symbol:bq-routes-calculation/src/cron/cron.service.ts:Function:scheduleNextRun:11, TargetName: scheduleNextRun, Kind: POTENTIAL_TYPE
          * ScopeSymbolId: :symbol:bq-routes-calculation/src/cron/cron.service.ts:Function:scheduleNextRun:11, TargetName: delay, Kind: POTENTIAL_TYPE
Finished parsing file: bq-routes-calculation/src/services/calibrate-min-roi.service.ts with 8 top-level symbols.

================== PARSED FILE: calibrate-min-roi.service.ts ==================
  - Node ID: :symbol:bq-routes-calculation/src/services/calibrate-min-roi.service.ts:Type:CalibrateMinRoiService:8, Kind: Type, Name: CalibrateMinRoiService
    References:
      * ScopeSymbolId: :symbol:bq-routes-calculation/src/services/calibrate-min-roi.service.ts:Type:CalibrateMinRoiService:8, TargetName: CalibrateMinRoiService, Kind: POTENTIAL_TYPE
      * ScopeSymbolId: :symbol:bq-routes-calculation/src/services/calibrate-min-roi.service.ts:Type:CalibrateMinRoiService:8, TargetName: CalibrateMinRoiRepository, Kind: POTENTIAL_TYPE
    - Node ID: :symbol:bq-routes-calculation/src/services/calibrate-min-roi.service.ts:Function:constructor:15, Kind: Function, Name: constructor
      References:
        * ScopeSymbolId: :symbol:bq-routes-calculation/src/services/calibrate-min-roi.service.ts:Function:constructor:15, TargetName: CalibrateMinRoiRepository, Kind: POTENTIAL_TYPE
    - Node ID: :symbol:bq-routes-calculation/src/services/calibrate-min-roi.service.ts:Function:calibrateMinRoiQuery:28, Kind: Function, Name: calibrateMinRoiQuery
      References:
        * ScopeSymbolId: :symbol:bq-routes-calculation/src/services/calibrate-min-roi.service.ts:Function:calibrateMinRoiQuery:28, TargetName: Promise, Kind: POTENTIAL_TYPE
        * ScopeSymbolId: :symbol:bq-routes-calculation/src/services/calibrate-min-roi.service.ts:Function:calibrateMinRoiQuery:28, TargetName: ICalibrateMinRoiQuery, Kind: POTENTIAL_TYPE
        * ScopeSymbolId: :symbol:bq-routes-calculation/src/services/calibrate-min-roi.service.ts:Function:calibrateMinRoiQuery:28, TargetName: dates, Kind: POTENTIAL_TYPE
        * ScopeSymbolId: :symbol:bq-routes-calculation/src/services/calibrate-min-roi.service.ts:Function:calibrateMinRoiQuery:28, TargetName: getWeekDates, Kind: CALLS
        * ScopeSymbolId: :symbol:bq-routes-calculation/src/services/calibrate-min-roi.service.ts:Function:calibrateMinRoiQuery:28, TargetName: excludeBundles, Kind: POTENTIAL_TYPE
        * ScopeSymbolId: :symbol:bq-routes-calculation/src/services/calibrate-min-roi.service.ts:Function:calibrateMinRoiQuery:28, TargetName: getBundlesWithUpdatedMinRoi, Kind: CALLS
        * ScopeSymbolId: :symbol:bq-routes-calculation/src/services/calibrate-min-roi.service.ts:Function:calibrateMinRoiQuery:28, TargetName: dates, Kind: POTENTIAL_TYPE
        * ScopeSymbolId: :symbol:bq-routes-calculation/src/services/calibrate-min-roi.service.ts:Function:calibrateMinRoiQuery:28, TargetName: monday, Kind: POTENTIAL_TYPE
        * ScopeSymbolId: :symbol:bq-routes-calculation/src/services/calibrate-min-roi.service.ts:Function:calibrateMinRoiQuery:28, TargetName: dates, Kind: POTENTIAL_TYPE
        * ScopeSymbolId: :symbol:bq-routes-calculation/src/services/calibrate-min-roi.service.ts:Function:calibrateMinRoiQuery:28, TargetName: sunday, Kind: POTENTIAL_TYPE
        * ScopeSymbolId: :symbol:bq-routes-calculation/src/services/calibrate-min-roi.service.ts:Function:calibrateMinRoiQuery:28, TargetName: dates, Kind: POTENTIAL_TYPE
        * ScopeSymbolId: :symbol:bq-routes-calculation/src/services/calibrate-min-roi.service.ts:Function:calibrateMinRoiQuery:28, TargetName: filteredData, Kind: POTENTIAL_TYPE
        * ScopeSymbolId: :symbol:bq-routes-calculation/src/services/calibrate-min-roi.service.ts:Function:calibrateMinRoiQuery:28, TargetName: getFilteredData, Kind: CALLS
        * ScopeSymbolId: :symbol:bq-routes-calculation/src/services/calibrate-min-roi.service.ts:Function:calibrateMinRoiQuery:28, TargetName: monday, Kind: POTENTIAL_TYPE
        * ScopeSymbolId: :symbol:bq-routes-calculation/src/services/calibrate-min-roi.service.ts:Function:calibrateMinRoiQuery:28, TargetName: sunday, Kind: POTENTIAL_TYPE
        * ScopeSymbolId: :symbol:bq-routes-calculation/src/services/calibrate-min-roi.service.ts:Function:calibrateMinRoiQuery:28, TargetName: excludeBundles, Kind: POTENTIAL_TYPE
        * ScopeSymbolId: :symbol:bq-routes-calculation/src/services/calibrate-min-roi.service.ts:Function:calibrateMinRoiQuery:28, TargetName: weekComparisonData, Kind: POTENTIAL_TYPE
        * ScopeSymbolId: :symbol:bq-routes-calculation/src/services/calibrate-min-roi.service.ts:Function:calibrateMinRoiQuery:28, TargetName: weekComparison, Kind: CALLS
        * ScopeSymbolId: :symbol:bq-routes-calculation/src/services/calibrate-min-roi.service.ts:Function:calibrateMinRoiQuery:28, TargetName: filteredData, Kind: POTENTIAL_TYPE
        * ScopeSymbolId: :symbol:bq-routes-calculation/src/services/calibrate-min-roi.service.ts:Function:calibrateMinRoiQuery:28, TargetName: dates, Kind: POTENTIAL_TYPE
        * ScopeSymbolId: :symbol:bq-routes-calculation/src/services/calibrate-min-roi.service.ts:Function:calibrateMinRoiQuery:28, TargetName: nonProfitableDays, Kind: POTENTIAL_TYPE
        * ScopeSymbolId: :symbol:bq-routes-calculation/src/services/calibrate-min-roi.service.ts:Function:calibrateMinRoiQuery:28, TargetName: nonProfitableDays, Kind: CALLS
        * ScopeSymbolId: :symbol:bq-routes-calculation/src/services/calibrate-min-roi.service.ts:Function:calibrateMinRoiQuery:28, TargetName: weekComparisonData, Kind: POTENTIAL_TYPE
        * ScopeSymbolId: :symbol:bq-routes-calculation/src/services/calibrate-min-roi.service.ts:Function:calibrateMinRoiQuery:28, TargetName: bundleIds, Kind: POTENTIAL_TYPE
        * ScopeSymbolId: :symbol:bq-routes-calculation/src/services/calibrate-min-roi.service.ts:Function:calibrateMinRoiQuery:28, TargetName: map, Kind: CALLS
        * ScopeSymbolId: :symbol:bq-routes-calculation/src/services/calibrate-min-roi.service.ts:Function:calibrateMinRoiQuery:28, TargetName: nonProfitableDays, Kind: POTENTIAL_TYPE
        * ScopeSymbolId: :symbol:bq-routes-calculation/src/services/calibrate-min-roi.service.ts:Function:calibrateMinRoiQuery:28, TargetName: row, Kind: POTENTIAL_TYPE
        * ScopeSymbolId: :symbol:bq-routes-calculation/src/services/calibrate-min-roi.service.ts:Function:calibrateMinRoiQuery:28, TargetName: row, Kind: POTENTIAL_TYPE
        * ScopeSymbolId: :symbol:bq-routes-calculation/src/services/calibrate-min-roi.service.ts:Function:calibrateMinRoiQuery:28, TargetName: directionsExternalData, Kind: POTENTIAL_TYPE
        * ScopeSymbolId: :symbol:bq-routes-calculation/src/services/calibrate-min-roi.service.ts:Function:calibrateMinRoiQuery:28, TargetName: getDirectionExternalData, Kind: CALLS
        * ScopeSymbolId: :symbol:bq-routes-calculation/src/services/calibrate-min-roi.service.ts:Function:calibrateMinRoiQuery:28, TargetName: bundleIds, Kind: POTENTIAL_TYPE
        * ScopeSymbolId: :symbol:bq-routes-calculation/src/services/calibrate-min-roi.service.ts:Function:calibrateMinRoiQuery:28, TargetName: result, Kind: POTENTIAL_TYPE
        * ScopeSymbolId: :symbol:bq-routes-calculation/src/services/calibrate-min-roi.service.ts:Function:calibrateMinRoiQuery:28, TargetName: calibrateMinRoi, Kind: CALLS
        * ScopeSymbolId: :symbol:bq-routes-calculation/src/services/calibrate-min-roi.service.ts:Function:calibrateMinRoiQuery:28, TargetName: nonProfitableDays, Kind: POTENTIAL_TYPE
        * ScopeSymbolId: :symbol:bq-routes-calculation/src/services/calibrate-min-roi.service.ts:Function:calibrateMinRoiQuery:28, TargetName: directionsExternalData, Kind: POTENTIAL_TYPE
        * ScopeSymbolId: :symbol:bq-routes-calculation/src/services/calibrate-min-roi.service.ts:Function:calibrateMinRoiQuery:28, TargetName: result, Kind: POTENTIAL_TYPE
    - Node ID: :symbol:bq-routes-calculation/src/services/calibrate-min-roi.service.ts:Function:calibrateMinRoiNew:52, Kind: Function, Name: calibrateMinRoiNew
      References:
        * ScopeSymbolId: :symbol:bq-routes-calculation/src/services/calibrate-min-roi.service.ts:Function:calibrateMinRoiNew:52, TargetName: Promise, Kind: POTENTIAL_TYPE
        * ScopeSymbolId: :symbol:bq-routes-calculation/src/services/calibrate-min-roi.service.ts:Function:calibrateMinRoiNew:52, TargetName: INewMinRoi, Kind: POTENTIAL_TYPE
        * ScopeSymbolId: :symbol:bq-routes-calculation/src/services/calibrate-min-roi.service.ts:Function:calibrateMinRoiNew:52, TargetName: dates, Kind: POTENTIAL_TYPE
        * ScopeSymbolId: :symbol:bq-routes-calculation/src/services/calibrate-min-roi.service.ts:Function:calibrateMinRoiNew:52, TargetName: getWeekDates, Kind: CALLS
        * ScopeSymbolId: :symbol:bq-routes-calculation/src/services/calibrate-min-roi.service.ts:Function:calibrateMinRoiNew:52, TargetName: excludeBundles, Kind: POTENTIAL_TYPE
        * ScopeSymbolId: :symbol:bq-routes-calculation/src/services/calibrate-min-roi.service.ts:Function:calibrateMinRoiNew:52, TargetName: getBundlesWithUpdatedMinRoi, Kind: CALLS
        * ScopeSymbolId: :symbol:bq-routes-calculation/src/services/calibrate-min-roi.service.ts:Function:calibrateMinRoiNew:52, TargetName: dates, Kind: POTENTIAL_TYPE
        * ScopeSymbolId: :symbol:bq-routes-calculation/src/services/calibrate-min-roi.service.ts:Function:calibrateMinRoiNew:52, TargetName: filteredData, Kind: POTENTIAL_TYPE
        * ScopeSymbolId: :symbol:bq-routes-calculation/src/services/calibrate-min-roi.service.ts:Function:calibrateMinRoiNew:52, TargetName: getFilteredData, Kind: CALLS
        * ScopeSymbolId: :symbol:bq-routes-calculation/src/services/calibrate-min-roi.service.ts:Function:calibrateMinRoiNew:52, TargetName: dates, Kind: POTENTIAL_TYPE
        * ScopeSymbolId: :symbol:bq-routes-calculation/src/services/calibrate-min-roi.service.ts:Function:calibrateMinRoiNew:52, TargetName: dates, Kind: POTENTIAL_TYPE
        * ScopeSymbolId: :symbol:bq-routes-calculation/src/services/calibrate-min-roi.service.ts:Function:calibrateMinRoiNew:52, TargetName: excludeBundles, Kind: POTENTIAL_TYPE
        * ScopeSymbolId: :symbol:bq-routes-calculation/src/services/calibrate-min-roi.service.ts:Function:calibrateMinRoiNew:52, TargetName: bundlesHashMap, Kind: POTENTIAL_TYPE
        * ScopeSymbolId: :symbol:bq-routes-calculation/src/services/calibrate-min-roi.service.ts:Function:calibrateMinRoiNew:52, TargetName: Map, Kind: POTENTIAL_TYPE
        * ScopeSymbolId: :symbol:bq-routes-calculation/src/services/calibrate-min-roi.service.ts:Function:calibrateMinRoiNew:52, TargetName: map, Kind: CALLS
        * ScopeSymbolId: :symbol:bq-routes-calculation/src/services/calibrate-min-roi.service.ts:Function:calibrateMinRoiNew:52, TargetName: filteredData, Kind: POTENTIAL_TYPE
        * ScopeSymbolId: :symbol:bq-routes-calculation/src/services/calibrate-min-roi.service.ts:Function:calibrateMinRoiNew:52, TargetName: row, Kind: POTENTIAL_TYPE
        * ScopeSymbolId: :symbol:bq-routes-calculation/src/services/calibrate-min-roi.service.ts:Function:calibrateMinRoiNew:52, TargetName: row, Kind: POTENTIAL_TYPE
        * ScopeSymbolId: :symbol:bq-routes-calculation/src/services/calibrate-min-roi.service.ts:Function:calibrateMinRoiNew:52, TargetName: BIDDING_TYPES, Kind: POTENTIAL_TYPE
        * ScopeSymbolId: :symbol:bq-routes-calculation/src/services/calibrate-min-roi.service.ts:Function:calibrateMinRoiNew:52, TargetName: summarizedData, Kind: POTENTIAL_TYPE
        * ScopeSymbolId: :symbol:bq-routes-calculation/src/services/calibrate-min-roi.service.ts:Function:calibrateMinRoiNew:52, TargetName: summatorFilteredDataByBundleId, Kind: CALLS
        * ScopeSymbolId: :symbol:bq-routes-calculation/src/services/calibrate-min-roi.service.ts:Function:calibrateMinRoiNew:52, TargetName: filteredData, Kind: POTENTIAL_TYPE
        * ScopeSymbolId: :symbol:bq-routes-calculation/src/services/calibrate-min-roi.service.ts:Function:calibrateMinRoiNew:52, TargetName: bundlesDemandingMinRoiChange, Kind: POTENTIAL_TYPE
        * ScopeSymbolId: :symbol:bq-routes-calculation/src/services/calibrate-min-roi.service.ts:Function:calibrateMinRoiNew:52, TargetName: IFilteredData, Kind: POTENTIAL_TYPE
        * ScopeSymbolId: :symbol:bq-routes-calculation/src/services/calibrate-min-roi.service.ts:Function:calibrateMinRoiNew:52, TargetName: summarizedData, Kind: POTENTIAL_TYPE
        * ScopeSymbolId: :symbol:bq-routes-calculation/src/services/calibrate-min-roi.service.ts:Function:calibrateMinRoiNew:52, TargetName: vectors, Kind: POTENTIAL_TYPE
        * ScopeSymbolId: :symbol:bq-routes-calculation/src/services/calibrate-min-roi.service.ts:Function:calibrateMinRoiNew:52, TargetName: calcVector, Kind: CALLS
        * ScopeSymbolId: :symbol:bq-routes-calculation/src/services/calibrate-min-roi.service.ts:Function:calibrateMinRoiNew:52, TargetName: bundlesDemandingMinRoiChange, Kind: POTENTIAL_TYPE
        * ScopeSymbolId: :symbol:bq-routes-calculation/src/services/calibrate-min-roi.service.ts:Function:calibrateMinRoiNew:52, TargetName: bundlesNewMinRoi, Kind: POTENTIAL_TYPE
        * ScopeSymbolId: :symbol:bq-routes-calculation/src/services/calibrate-min-roi.service.ts:Function:calibrateMinRoiNew:52, TargetName: INewMinRoi, Kind: POTENTIAL_TYPE
        * ScopeSymbolId: :symbol:bq-routes-calculation/src/services/calibrate-min-roi.service.ts:Function:calibrateMinRoiNew:52, TargetName: vector, Kind: POTENTIAL_TYPE
        * ScopeSymbolId: :symbol:bq-routes-calculation/src/services/calibrate-min-roi.service.ts:Function:calibrateMinRoiNew:52, TargetName: vectors, Kind: POTENTIAL_TYPE
        * ScopeSymbolId: :symbol:bq-routes-calculation/src/services/calibrate-min-roi.service.ts:Function:calibrateMinRoiNew:52, TargetName: newMinRoi, Kind: POTENTIAL_TYPE
        * ScopeSymbolId: :symbol:bq-routes-calculation/src/services/calibrate-min-roi.service.ts:Function:calibrateMinRoiNew:52, TargetName: minRoiCalculator, Kind: CALLS
        * ScopeSymbolId: :symbol:bq-routes-calculation/src/services/calibrate-min-roi.service.ts:Function:calibrateMinRoiNew:52, TargetName: vector, Kind: POTENTIAL_TYPE
        * ScopeSymbolId: :symbol:bq-routes-calculation/src/services/calibrate-min-roi.service.ts:Function:calibrateMinRoiNew:52, TargetName: get, Kind: CALLS
        * ScopeSymbolId: :symbol:bq-routes-calculation/src/services/calibrate-min-roi.service.ts:Function:calibrateMinRoiNew:52, TargetName: bundlesHashMap, Kind: POTENTIAL_TYPE
        * ScopeSymbolId: :symbol:bq-routes-calculation/src/services/calibrate-min-roi.service.ts:Function:calibrateMinRoiNew:52, TargetName: vector, Kind: POTENTIAL_TYPE
        * ScopeSymbolId: :symbol:bq-routes-calculation/src/services/calibrate-min-roi.service.ts:Function:calibrateMinRoiNew:52, TargetName: bundleData, Kind: POTENTIAL_TYPE
        * ScopeSymbolId: :symbol:bq-routes-calculation/src/services/calibrate-min-roi.service.ts:Function:calibrateMinRoiNew:52, TargetName: find, Kind: CALLS
        * ScopeSymbolId: :symbol:bq-routes-calculation/src/services/calibrate-min-roi.service.ts:Function:calibrateMinRoiNew:52, TargetName: summarizedData, Kind: POTENTIAL_TYPE
        * ScopeSymbolId: :symbol:bq-routes-calculation/src/services/calibrate-min-roi.service.ts:Function:calibrateMinRoiNew:52, TargetName: row, Kind: POTENTIAL_TYPE
        * ScopeSymbolId: :symbol:bq-routes-calculation/src/services/calibrate-min-roi.service.ts:Function:calibrateMinRoiNew:52, TargetName: row, Kind: POTENTIAL_TYPE
        * ScopeSymbolId: :symbol:bq-routes-calculation/src/services/calibrate-min-roi.service.ts:Function:calibrateMinRoiNew:52, TargetName: vector, Kind: POTENTIAL_TYPE
        * ScopeSymbolId: :symbol:bq-routes-calculation/src/services/calibrate-min-roi.service.ts:Function:calibrateMinRoiNew:52, TargetName: bundleData, Kind: POTENTIAL_TYPE
        * ScopeSymbolId: :symbol:bq-routes-calculation/src/services/calibrate-min-roi.service.ts:Function:calibrateMinRoiNew:52, TargetName: error, Kind: CALLS
        * ScopeSymbolId: :symbol:bq-routes-calculation/src/services/calibrate-min-roi.service.ts:Function:calibrateMinRoiNew:52, TargetName: console, Kind: POTENTIAL_TYPE
        * ScopeSymbolId: :symbol:bq-routes-calculation/src/services/calibrate-min-roi.service.ts:Function:calibrateMinRoiNew:52, TargetName: vector, Kind: POTENTIAL_TYPE
        * ScopeSymbolId: :symbol:bq-routes-calculation/src/services/calibrate-min-roi.service.ts:Function:calibrateMinRoiNew:52, TargetName: mappedData, Kind: POTENTIAL_TYPE
        * ScopeSymbolId: :symbol:bq-routes-calculation/src/services/calibrate-min-roi.service.ts:Function:calibrateMinRoiNew:52, TargetName: INewMinRoi, Kind: POTENTIAL_TYPE
        * ScopeSymbolId: :symbol:bq-routes-calculation/src/services/calibrate-min-roi.service.ts:Function:calibrateMinRoiNew:52, TargetName: vector, Kind: POTENTIAL_TYPE
        * ScopeSymbolId: :symbol:bq-routes-calculation/src/services/calibrate-min-roi.service.ts:Function:calibrateMinRoiNew:52, TargetName: bundleData, Kind: POTENTIAL_TYPE
        * ScopeSymbolId: :symbol:bq-routes-calculation/src/services/calibrate-min-roi.service.ts:Function:calibrateMinRoiNew:52, TargetName: bundleData, Kind: POTENTIAL_TYPE
        * ScopeSymbolId: :symbol:bq-routes-calculation/src/services/calibrate-min-roi.service.ts:Function:calibrateMinRoiNew:52, TargetName: vector, Kind: POTENTIAL_TYPE
        * ScopeSymbolId: :symbol:bq-routes-calculation/src/services/calibrate-min-roi.service.ts:Function:calibrateMinRoiNew:52, TargetName: newMinRoi, Kind: POTENTIAL_TYPE
        * ScopeSymbolId: :symbol:bq-routes-calculation/src/services/calibrate-min-roi.service.ts:Function:calibrateMinRoiNew:52, TargetName: push, Kind: CALLS
        * ScopeSymbolId: :symbol:bq-routes-calculation/src/services/calibrate-min-roi.service.ts:Function:calibrateMinRoiNew:52, TargetName: bundlesNewMinRoi, Kind: POTENTIAL_TYPE
        * ScopeSymbolId: :symbol:bq-routes-calculation/src/services/calibrate-min-roi.service.ts:Function:calibrateMinRoiNew:52, TargetName: mappedData, Kind: POTENTIAL_TYPE
        * ScopeSymbolId: :symbol:bq-routes-calculation/src/services/calibrate-min-roi.service.ts:Function:calibrateMinRoiNew:52, TargetName: bundlesNewMinRoi, Kind: POTENTIAL_TYPE
    - Node ID: :symbol:bq-routes-calculation/src/services/calibrate-min-roi.service.ts:Function:summatorFilteredDataByBundleId:95, Kind: Function, Name: summatorFilteredDataByBundleId
      References:
        * ScopeSymbolId: :symbol:bq-routes-calculation/src/services/calibrate-min-roi.service.ts:Function:summatorFilteredDataByBundleId:95, TargetName: filteredData, Kind: POTENTIAL_TYPE
        * ScopeSymbolId: :symbol:bq-routes-calculation/src/services/calibrate-min-roi.service.ts:Function:summatorFilteredDataByBundleId:95, TargetName: IFilteredData, Kind: POTENTIAL_TYPE
        * ScopeSymbolId: :symbol:bq-routes-calculation/src/services/calibrate-min-roi.service.ts:Function:summatorFilteredDataByBundleId:95, TargetName: IFilteredData, Kind: POTENTIAL_TYPE
        * ScopeSymbolId: :symbol:bq-routes-calculation/src/services/calibrate-min-roi.service.ts:Function:summatorFilteredDataByBundleId:95, TargetName: sumClicksAndProfitByBundle, Kind: POTENTIAL_TYPE
        * ScopeSymbolId: :symbol:bq-routes-calculation/src/services/calibrate-min-roi.service.ts:Function:summatorFilteredDataByBundleId:95, TargetName: reduce, Kind: CALLS
        * ScopeSymbolId: :symbol:bq-routes-calculation/src/services/calibrate-min-roi.service.ts:Function:summatorFilteredDataByBundleId:95, TargetName: filteredData, Kind: POTENTIAL_TYPE
        * ScopeSymbolId: :symbol:bq-routes-calculation/src/services/calibrate-min-roi.service.ts:Function:summatorFilteredDataByBundleId:95, TargetName: acc, Kind: POTENTIAL_TYPE
        * ScopeSymbolId: :symbol:bq-routes-calculation/src/services/calibrate-min-roi.service.ts:Function:summatorFilteredDataByBundleId:95, TargetName: Map, Kind: POTENTIAL_TYPE
        * ScopeSymbolId: :symbol:bq-routes-calculation/src/services/calibrate-min-roi.service.ts:Function:summatorFilteredDataByBundleId:95, TargetName: IFilteredData, Kind: POTENTIAL_TYPE
        * ScopeSymbolId: :symbol:bq-routes-calculation/src/services/calibrate-min-roi.service.ts:Function:summatorFilteredDataByBundleId:95, TargetName: row, Kind: POTENTIAL_TYPE
        * ScopeSymbolId: :symbol:bq-routes-calculation/src/services/calibrate-min-roi.service.ts:Function:summatorFilteredDataByBundleId:95, TargetName: currentRow, Kind: POTENTIAL_TYPE
        * ScopeSymbolId: :symbol:bq-routes-calculation/src/services/calibrate-min-roi.service.ts:Function:summatorFilteredDataByBundleId:95, TargetName: get, Kind: CALLS
        * ScopeSymbolId: :symbol:bq-routes-calculation/src/services/calibrate-min-roi.service.ts:Function:summatorFilteredDataByBundleId:95, TargetName: acc, Kind: POTENTIAL_TYPE
        * ScopeSymbolId: :symbol:bq-routes-calculation/src/services/calibrate-min-roi.service.ts:Function:summatorFilteredDataByBundleId:95, TargetName: row, Kind: POTENTIAL_TYPE
        * ScopeSymbolId: :symbol:bq-routes-calculation/src/services/calibrate-min-roi.service.ts:Function:summatorFilteredDataByBundleId:95, TargetName: currentRow, Kind: POTENTIAL_TYPE
        * ScopeSymbolId: :symbol:bq-routes-calculation/src/services/calibrate-min-roi.service.ts:Function:summatorFilteredDataByBundleId:95, TargetName: set, Kind: CALLS
        * ScopeSymbolId: :symbol:bq-routes-calculation/src/services/calibrate-min-roi.service.ts:Function:summatorFilteredDataByBundleId:95, TargetName: acc, Kind: POTENTIAL_TYPE
        * ScopeSymbolId: :symbol:bq-routes-calculation/src/services/calibrate-min-roi.service.ts:Function:summatorFilteredDataByBundleId:95, TargetName: row, Kind: POTENTIAL_TYPE
        * ScopeSymbolId: :symbol:bq-routes-calculation/src/services/calibrate-min-roi.service.ts:Function:summatorFilteredDataByBundleId:95, TargetName: row, Kind: POTENTIAL_TYPE
        * ScopeSymbolId: :symbol:bq-routes-calculation/src/services/calibrate-min-roi.service.ts:Function:summatorFilteredDataByBundleId:95, TargetName: currentRow, Kind: POTENTIAL_TYPE
        * ScopeSymbolId: :symbol:bq-routes-calculation/src/services/calibrate-min-roi.service.ts:Function:summatorFilteredDataByBundleId:95, TargetName: row, Kind: POTENTIAL_TYPE
        * ScopeSymbolId: :symbol:bq-routes-calculation/src/services/calibrate-min-roi.service.ts:Function:summatorFilteredDataByBundleId:95, TargetName: currentRow, Kind: POTENTIAL_TYPE
        * ScopeSymbolId: :symbol:bq-routes-calculation/src/services/calibrate-min-roi.service.ts:Function:summatorFilteredDataByBundleId:95, TargetName: row, Kind: POTENTIAL_TYPE
        * ScopeSymbolId: :symbol:bq-routes-calculation/src/services/calibrate-min-roi.service.ts:Function:summatorFilteredDataByBundleId:95, TargetName: acc, Kind: POTENTIAL_TYPE
        * ScopeSymbolId: :symbol:bq-routes-calculation/src/services/calibrate-min-roi.service.ts:Function:summatorFilteredDataByBundleId:95, TargetName: Map, Kind: POTENTIAL_TYPE
        * ScopeSymbolId: :symbol:bq-routes-calculation/src/services/calibrate-min-roi.service.ts:Function:summatorFilteredDataByBundleId:95, TargetName: summarizedData, Kind: POTENTIAL_TYPE
        * ScopeSymbolId: :symbol:bq-routes-calculation/src/services/calibrate-min-roi.service.ts:Function:summatorFilteredDataByBundleId:95, TargetName: from, Kind: CALLS
        * ScopeSymbolId: :symbol:bq-routes-calculation/src/services/calibrate-min-roi.service.ts:Function:summatorFilteredDataByBundleId:95, TargetName: Array, Kind: POTENTIAL_TYPE
        * ScopeSymbolId: :symbol:bq-routes-calculation/src/services/calibrate-min-roi.service.ts:Function:summatorFilteredDataByBundleId:95, TargetName: values, Kind: CALLS
        * ScopeSymbolId: :symbol:bq-routes-calculation/src/services/calibrate-min-roi.service.ts:Function:summatorFilteredDataByBundleId:95, TargetName: sumClicksAndProfitByBundle, Kind: POTENTIAL_TYPE
        * ScopeSymbolId: :symbol:bq-routes-calculation/src/services/calibrate-min-roi.service.ts:Function:summatorFilteredDataByBundleId:95, TargetName: summarizedData, Kind: POTENTIAL_TYPE
    - Node ID: :symbol:bq-routes-calculation/src/services/calibrate-min-roi.service.ts:Function:recoverThursdayMinRoi:116, Kind: Function, Name: recoverThursdayMinRoi
      References:
        * ScopeSymbolId: :symbol:bq-routes-calculation/src/services/calibrate-min-roi.service.ts:Function:recoverThursdayMinRoi:116, TargetName: Promise, Kind: POTENTIAL_TYPE
        * ScopeSymbolId: :symbol:bq-routes-calculation/src/services/calibrate-min-roi.service.ts:Function:recoverThursdayMinRoi:116, TargetName: ICalibrateMinRoiRecoverQuery, Kind: POTENTIAL_TYPE
        * ScopeSymbolId: :symbol:bq-routes-calculation/src/services/calibrate-min-roi.service.ts:Function:recoverThursdayMinRoi:116, TargetName: dates, Kind: POTENTIAL_TYPE
        * ScopeSymbolId: :symbol:bq-routes-calculation/src/services/calibrate-min-roi.service.ts:Function:recoverThursdayMinRoi:116, TargetName: getWeekDates, Kind: CALLS
        * ScopeSymbolId: :symbol:bq-routes-calculation/src/services/calibrate-min-roi.service.ts:Function:recoverThursdayMinRoi:116, TargetName: recoverMinRoi, Kind: CALLS
        * ScopeSymbolId: :symbol:bq-routes-calculation/src/services/calibrate-min-roi.service.ts:Function:recoverThursdayMinRoi:116, TargetName: dates, Kind: POTENTIAL_TYPE
    - Node ID: :symbol:bq-routes-calculation/src/services/calibrate-min-roi.service.ts:Function:recoverFridayMinRoi:125, Kind: Function, Name: recoverFridayMinRoi
      References:
        * ScopeSymbolId: :symbol:bq-routes-calculation/src/services/calibrate-min-roi.service.ts:Function:recoverFridayMinRoi:125, TargetName: Promise, Kind: POTENTIAL_TYPE
        * ScopeSymbolId: :symbol:bq-routes-calculation/src/services/calibrate-min-roi.service.ts:Function:recoverFridayMinRoi:125, TargetName: ICalibrateMinRoiRecoverQuery, Kind: POTENTIAL_TYPE
        * ScopeSymbolId: :symbol:bq-routes-calculation/src/services/calibrate-min-roi.service.ts:Function:recoverFridayMinRoi:125, TargetName: dates, Kind: POTENTIAL_TYPE
        * ScopeSymbolId: :symbol:bq-routes-calculation/src/services/calibrate-min-roi.service.ts:Function:recoverFridayMinRoi:125, TargetName: getWeekDates, Kind: CALLS
        * ScopeSymbolId: :symbol:bq-routes-calculation/src/services/calibrate-min-roi.service.ts:Function:recoverFridayMinRoi:125, TargetName: recoverMinRoi, Kind: CALLS
        * ScopeSymbolId: :symbol:bq-routes-calculation/src/services/calibrate-min-roi.service.ts:Function:recoverFridayMinRoi:125, TargetName: dates, Kind: POTENTIAL_TYPE
    - Node ID: :symbol:bq-routes-calculation/src/services/calibrate-min-roi.service.ts:Function:recoverMinRoi:136, Kind: Function, Name: recoverMinRoi
      References:
        * ScopeSymbolId: :symbol:bq-routes-calculation/src/services/calibrate-min-roi.service.ts:Function:recoverMinRoi:136, TargetName: dayNums, Kind: POTENTIAL_TYPE
        * ScopeSymbolId: :symbol:bq-routes-calculation/src/services/calibrate-min-roi.service.ts:Function:recoverMinRoi:136, TargetName: executeDate, Kind: POTENTIAL_TYPE
        * ScopeSymbolId: :symbol:bq-routes-calculation/src/services/calibrate-min-roi.service.ts:Function:recoverMinRoi:136, TargetName: Date, Kind: POTENTIAL_TYPE
        * ScopeSymbolId: :symbol:bq-routes-calculation/src/services/calibrate-min-roi.service.ts:Function:recoverMinRoi:136, TargetName: Promise, Kind: POTENTIAL_TYPE
        * ScopeSymbolId: :symbol:bq-routes-calculation/src/services/calibrate-min-roi.service.ts:Function:recoverMinRoi:136, TargetName: ICalibrateMinRoiRecoverQuery, Kind: POTENTIAL_TYPE
        * ScopeSymbolId: :symbol:bq-routes-calculation/src/services/calibrate-min-roi.service.ts:Function:recoverMinRoi:136, TargetName: dates, Kind: POTENTIAL_TYPE
        * ScopeSymbolId: :symbol:bq-routes-calculation/src/services/calibrate-min-roi.service.ts:Function:recoverMinRoi:136, TargetName: getWeekDates, Kind: CALLS
        * ScopeSymbolId: :symbol:bq-routes-calculation/src/services/calibrate-min-roi.service.ts:Function:recoverMinRoi:136, TargetName: bundlesWithUpdatedMinRoiBeforeMonday, Kind: POTENTIAL_TYPE
        * ScopeSymbolId: :symbol:bq-routes-calculation/src/services/calibrate-min-roi.service.ts:Function:recoverMinRoi:136, TargetName: getBundlesWithUpdatedMinRoiBetweenDates, Kind: CALLS
        * ScopeSymbolId: :symbol:bq-routes-calculation/src/services/calibrate-min-roi.service.ts:Function:recoverMinRoi:136, TargetName: dates, Kind: POTENTIAL_TYPE
        * ScopeSymbolId: :symbol:bq-routes-calculation/src/services/calibrate-min-roi.service.ts:Function:recoverMinRoi:136, TargetName: dates, Kind: POTENTIAL_TYPE
        * ScopeSymbolId: :symbol:bq-routes-calculation/src/services/calibrate-min-roi.service.ts:Function:recoverMinRoi:136, TargetName: bundlesWithUpdatedMinRoiAtMonday, Kind: POTENTIAL_TYPE
        * ScopeSymbolId: :symbol:bq-routes-calculation/src/services/calibrate-min-roi.service.ts:Function:recoverMinRoi:136, TargetName: getBundlesWithUpdatedMinRoiBetweenDates, Kind: CALLS
        * ScopeSymbolId: :symbol:bq-routes-calculation/src/services/calibrate-min-roi.service.ts:Function:recoverMinRoi:136, TargetName: getMonday, Kind: CALLS
        * ScopeSymbolId: :symbol:bq-routes-calculation/src/services/calibrate-min-roi.service.ts:Function:recoverMinRoi:136, TargetName: Date, Kind: POTENTIAL_TYPE
        * ScopeSymbolId: :symbol:bq-routes-calculation/src/services/calibrate-min-roi.service.ts:Function:recoverMinRoi:136, TargetName: getMonday, Kind: CALLS
        * ScopeSymbolId: :symbol:bq-routes-calculation/src/services/calibrate-min-roi.service.ts:Function:recoverMinRoi:136, TargetName: Date, Kind: POTENTIAL_TYPE
        * ScopeSymbolId: :symbol:bq-routes-calculation/src/services/calibrate-min-roi.service.ts:Function:recoverMinRoi:136, TargetName: bundlesWIthUpdatedMinRoiAfterMondey, Kind: POTENTIAL_TYPE
        * ScopeSymbolId: :symbol:bq-routes-calculation/src/services/calibrate-min-roi.service.ts:Function:recoverMinRoi:136, TargetName: getBundlesWithUpdatedMinRoi, Kind: CALLS
        * ScopeSymbolId: :symbol:bq-routes-calculation/src/services/calibrate-min-roi.service.ts:Function:recoverMinRoi:136, TargetName: dates, Kind: POTENTIAL_TYPE
        * ScopeSymbolId: :symbol:bq-routes-calculation/src/services/calibrate-min-roi.service.ts:Function:recoverMinRoi:136, TargetName: excludeBundles, Kind: POTENTIAL_TYPE
        * ScopeSymbolId: :symbol:bq-routes-calculation/src/services/calibrate-min-roi.service.ts:Function:recoverMinRoi:136, TargetName: bundlesWithUpdatedMinRoiBeforeMonday, Kind: POTENTIAL_TYPE
        * ScopeSymbolId: :symbol:bq-routes-calculation/src/services/calibrate-min-roi.service.ts:Function:recoverMinRoi:136, TargetName: bundlesWIthUpdatedMinRoiAfterMondey, Kind: POTENTIAL_TYPE
        * ScopeSymbolId: :symbol:bq-routes-calculation/src/services/calibrate-min-roi.service.ts:Function:recoverMinRoi:136, TargetName: dataForComparison, Kind: POTENTIAL_TYPE
        * ScopeSymbolId: :symbol:bq-routes-calculation/src/services/calibrate-min-roi.service.ts:Function:recoverMinRoi:136, TargetName: getFilteredData, Kind: CALLS
        * ScopeSymbolId: :symbol:bq-routes-calculation/src/services/calibrate-min-roi.service.ts:Function:recoverMinRoi:136, TargetName: dates, Kind: POTENTIAL_TYPE
        * ScopeSymbolId: :symbol:bq-routes-calculation/src/services/calibrate-min-roi.service.ts:Function:recoverMinRoi:136, TargetName: executeDate, Kind: POTENTIAL_TYPE
        * ScopeSymbolId: :symbol:bq-routes-calculation/src/services/calibrate-min-roi.service.ts:Function:recoverMinRoi:136, TargetName: excludeBundles, Kind: POTENTIAL_TYPE
        * ScopeSymbolId: :symbol:bq-routes-calculation/src/services/calibrate-min-roi.service.ts:Function:recoverMinRoi:136, TargetName: dataForComparisonFilteredByBundles, Kind: POTENTIAL_TYPE
        * ScopeSymbolId: :symbol:bq-routes-calculation/src/services/calibrate-min-roi.service.ts:Function:recoverMinRoi:136, TargetName: filter, Kind: CALLS
        * ScopeSymbolId: :symbol:bq-routes-calculation/src/services/calibrate-min-roi.service.ts:Function:recoverMinRoi:136, TargetName: dataForComparison, Kind: POTENTIAL_TYPE
        * ScopeSymbolId: :symbol:bq-routes-calculation/src/services/calibrate-min-roi.service.ts:Function:recoverMinRoi:136, TargetName: row, Kind: POTENTIAL_TYPE
        * ScopeSymbolId: :symbol:bq-routes-calculation/src/services/calibrate-min-roi.service.ts:Function:recoverMinRoi:136, TargetName: includes, Kind: CALLS
        * ScopeSymbolId: :symbol:bq-routes-calculation/src/services/calibrate-min-roi.service.ts:Function:recoverMinRoi:136, TargetName: bundlesWithUpdatedMinRoiAtMonday, Kind: POTENTIAL_TYPE
        * ScopeSymbolId: :symbol:bq-routes-calculation/src/services/calibrate-min-roi.service.ts:Function:recoverMinRoi:136, TargetName: row, Kind: POTENTIAL_TYPE
        * ScopeSymbolId: :symbol:bq-routes-calculation/src/services/calibrate-min-roi.service.ts:Function:recoverMinRoi:136, TargetName: dataForComparisonFilteredByBundles, Kind: POTENTIAL_TYPE
        * ScopeSymbolId: :symbol:bq-routes-calculation/src/services/calibrate-min-roi.service.ts:Function:recoverMinRoi:136, TargetName: weekComparisonData, Kind: POTENTIAL_TYPE
        * ScopeSymbolId: :symbol:bq-routes-calculation/src/services/calibrate-min-roi.service.ts:Function:recoverMinRoi:136, TargetName: weekComparison, Kind: CALLS
[...]
      * ScopeSymbolId: :symbol:bq-routes-calculation/src/services/calibrate-min-roi.service.ts:Type:IWeekDates:473, TargetName: Date, Kind: POTENTIAL_TYPE
      * ScopeSymbolId: :symbol:bq-routes-calculation/src/services/calibrate-min-roi.service.ts:Type:IWeekDates:473, TargetName: Date, Kind: POTENTIAL_TYPE
      * ScopeSymbolId: :symbol:bq-routes-calculation/src/services/calibrate-min-roi.service.ts:Type:IWeekDates:473, TargetName: Date, Kind: POTENTIAL_TYPE
      * ScopeSymbolId: :symbol:bq-routes-calculation/src/services/calibrate-min-roi.service.ts:Type:IWeekDates:473, TargetName: Date, Kind: POTENTIAL_TYPE
      * ScopeSymbolId: :symbol:bq-routes-calculation/src/services/calibrate-min-roi.service.ts:Type:IWeekDates:473, TargetName: Date, Kind: POTENTIAL_TYPE
      * ScopeSymbolId: :symbol:bq-routes-calculation/src/services/calibrate-min-roi.service.ts:Type:IWeekDates:473, TargetName: Date, Kind: POTENTIAL_TYPE
      * ScopeSymbolId: :symbol:bq-routes-calculation/src/services/calibrate-min-roi.service.ts:Type:IWeekDates:473, TargetName: Date, Kind: POTENTIAL_TYPE
      * ScopeSymbolId: :symbol:bq-routes-calculation/src/services/calibrate-min-roi.service.ts:Type:IWeekDates:473, TargetName: Date, Kind: POTENTIAL_TYPE
  - Node ID: :symbol:bq-routes-calculation/src/services/calibrate-min-roi.service.ts:Type:IWeekComparisonData:484, Kind: Type, Name: IWeekComparisonData
    References:
      * ScopeSymbolId: :symbol:bq-routes-calculation/src/services/calibrate-min-roi.service.ts:Type:IWeekComparisonData:484, TargetName: IWeekComparisonData, Kind: POTENTIAL_TYPE
      * ScopeSymbolId: :symbol:bq-routes-calculation/src/services/calibrate-min-roi.service.ts:Type:IWeekComparisonData:484, TargetName: Date, Kind: POTENTIAL_TYPE
  - Node ID: :symbol:bq-routes-calculation/src/services/calibrate-min-roi.service.ts:Type:INonProfitableDays:493, Kind: Type, Name: INonProfitableDays
    References:
      * ScopeSymbolId: :symbol:bq-routes-calculation/src/services/calibrate-min-roi.service.ts:Type:INonProfitableDays:493, TargetName: INonProfitableDays, Kind: POTENTIAL_TYPE
  - Node ID: :symbol:bq-routes-calculation/src/services/calibrate-min-roi.service.ts:Type:ICalcVector:503, Kind: Type, Name: ICalcVector
    References:
      * ScopeSymbolId: :symbol:bq-routes-calculation/src/services/calibrate-min-roi.service.ts:Type:ICalcVector:503, TargetName: ICalcVector, Kind: POTENTIAL_TYPE
  - Node ID: :symbol:bq-routes-calculation/src/services/calibrate-min-roi.service.ts:Type:ICalcVectorWithBiddingType:508, Kind: Type, Name: ICalcVectorWithBiddingType
    References:
      * ScopeSymbolId: :symbol:bq-routes-calculation/src/services/calibrate-min-roi.service.ts:Type:ICalcVectorWithBiddingType:508, TargetName: ICalcVectorWithBiddingType, Kind: POTENTIAL_TYPE
      * ScopeSymbolId: :symbol:bq-routes-calculation/src/services/calibrate-min-roi.service.ts:Type:ICalcVectorWithBiddingType:508, TargetName: ICalcVector, Kind: POTENTIAL_TYPE
  - Node ID: :symbol:bq-routes-calculation/src/services/calibrate-min-roi.service.ts:Type:INewMinRoi:512, Kind: Type, Name: INewMinRoi
    References:
      * ScopeSymbolId: :symbol:bq-routes-calculation/src/services/calibrate-min-roi.service.ts:Type:INewMinRoi:512, TargetName: INewMinRoi, Kind: POTENTIAL_TYPE
  - Node ID: :symbol:bq-routes-calculation/src/services/calibrate-min-roi.service.ts:Type:ICalibrateMinRoiRecoverQuery:520, Kind: Type, Name: ICalibrateMinRoiRecoverQuery
    References:
      * ScopeSymbolId: :symbol:bq-routes-calculation/src/services/calibrate-min-roi.service.ts:Type:ICalibrateMinRoiRecoverQuery:520, TargetName: ICalibrateMinRoiRecoverQuery, Kind: POTENTIAL_TYPE
Finished parsing file: calc-epm/src/interfaces/configs/config.models.ts with 1 top-level symbols.

================== PARSED FILE: config.models.ts ==================
  - Node ID: :symbol:calc-epm/src/interfaces/configs/config.models.ts:Type:IConfigService:0, Kind: Type, Name: IConfigService
    References:
      * ScopeSymbolId: :symbol:calc-epm/src/interfaces/configs/config.models.ts:Type:IConfigService:0, TargetName: IConfigService, Kind: POTENTIAL_TYPE
      * ScopeSymbolId: :symbol:calc-epm/src/interfaces/configs/config.models.ts:Type:IConfigService:0, TargetName: name, Kind: POTENTIAL_TYPE
      * ScopeSymbolId: :symbol:calc-epm/src/interfaces/configs/config.models.ts:Type:IConfigService:0, TargetName: name, Kind: POTENTIAL_TYPE
      * ScopeSymbolId: :symbol:calc-epm/src/interfaces/configs/config.models.ts:Type:IConfigService:0, TargetName: name, Kind: POTENTIAL_TYPE
      * ScopeSymbolId: :symbol:calc-epm/src/interfaces/configs/config.models.ts:Type:IConfigService:0, TargetName: name, Kind: POTENTIAL_TYPE
      * ScopeSymbolId: :symbol:calc-epm/src/interfaces/configs/config.models.ts:Type:IConfigService:0, TargetName: Date, Kind: POTENTIAL_TYPE
</Text>
      </RunInfo>
      <RunInfo computerName="MacBook-Air" outcome="Warning" timestamp="2026-06-09T17:03:12.0630240+02:00">
        <Text>[2026-06-09 17:03:11.453] [+0ms] [WorkspaceIndexer] Starting background database persistence loop...</Text>
      </RunInfo>
      <RunInfo computerName="MacBook-Air" outcome="Warning" timestamp="2026-06-09T17:03:12.0636870+02:00">
        <Text>[2026-06-09 17:03:11.454] [+1ms] [WorkspaceIndexer] Clearing previous root workspace data for '/var/folders/72/1tkr9_kj1kjbsq032rr6m3400000gn/T/codeexplorer_test_workspace_6f9c3803-8a9a-4569-afdd-ade6b003ef4d'...</Text>
      </RunInfo>
      <RunInfo computerName="MacBook-Air" outcome="Warning" timestamp="2026-06-09T17:03:12.0636970+02:00">
        <Text>[WorkspaceParser] Starting scan of project 'ProjectA'...</Text>
      </RunInfo>
      <RunInfo computerName="MacBook-Air" outcome="Warning" timestamp="2026-06-09T17:03:12.0637170+02:00">
        <Text>[WorkspaceParser] Completed structural scan of project 'ProjectA'.</Text>
      </RunInfo>
      <RunInfo computerName="MacBook-Air" outcome="Warning" timestamp="2026-06-09T17:03:12.0637230+02:00">
        <Text>[WorkspaceParser] Starting scan of project 'ProjectB'...</Text>
      </RunInfo>
      <RunInfo computerName="MacBook-Air" outcome="Warning" timestamp="2026-06-09T17:03:12.0637280+02:00">
        <Text>[WorkspaceParser] Completed structural scan of project 'ProjectB'.</Text>
      </RunInfo>
      <RunInfo computerName="MacBook-Air" outcome="Warning" timestamp="2026-06-09T17:03:12.0637330+02:00">
        <Text>[2026-06-09 17:03:11.720] [+266ms] [WorkspaceParser] Starting syntax enrichment pass for 2 projects...</Text>
      </RunInfo>
      <RunInfo computerName="MacBook-Air" outcome="Warning" timestamp="2026-06-09T17:03:12.0637380+02:00">
        <Text>[WorkspaceParser] Starting syntax enrichment of project 'ProjectA'...</Text>
      </RunInfo>
      <RunInfo computerName="MacBook-Air" outcome="Warning" timestamp="2026-06-09T17:03:12.0637430+02:00">
        <Text>[WorkspaceParser] Completed syntax enrichment of project 'ProjectA'.</Text>
      </RunInfo>
      <RunInfo computerName="MacBook-Air" outcome="Warning" timestamp="2026-06-09T17:03:12.0637480+02:00">
        <Text>[WorkspaceParser] Starting syntax enrichment of project 'ProjectB'...</Text>
      </RunInfo>
      <RunInfo computerName="MacBook-Air" outcome="Warning" timestamp="2026-06-09T17:03:12.0637520+02:00">
        <Text>[WorkspaceParser] Completed syntax enrichment of project 'ProjectB'.</Text>
      </RunInfo>
      <RunInfo computerName="MacBook-Air" outcome="Warning" timestamp="2026-06-09T17:03:12.0637560+02:00">
        <Text>[2026-06-09 17:03:11.739] [+285ms] [LateBinding] Found 0 EntryPoints, 5 Endpoints, and 3 ExternalServices in the workspace.</Text>
      </RunInfo>
      <RunInfo computerName="MacBook-Air" outcome="Warning" timestamp="2026-06-09T17:03:12.0637610+02:00">
        <Text>[2026-06-09 17:03:11.740] [+286ms] [LateBinding] Binding ExternalService '9:externalservice:http:localhost' to Endpoint '9:endpoint:POST:charge'</Text>
      </RunInfo>
      <RunInfo computerName="MacBook-Air" outcome="Warning" timestamp="2026-06-09T17:03:12.0637820+02:00">
        <Text>[2026-06-09 17:03:11.743] [+290ms] [LateBinding] Binding ExternalService '9:externalservice:http:localhost' to Endpoint '9:endpoint:POST:charge'</Text>
      </RunInfo>
      <RunInfo computerName="MacBook-Air" outcome="Warning" timestamp="2026-06-09T17:03:12.0638190+02:00">
        <Text>[2026-06-09 17:03:11.744] [+290ms] [LateBinding] Binding ExternalService '9:externalservice:http:localhost' to Endpoint '9:endpoint:POST:charge'</Text>
      </RunInfo>
      <RunInfo computerName="MacBook-Air" outcome="Warning" timestamp="2026-06-09T17:03:12.0638230+02:00">
        <Text>[2026-06-09 17:03:11.744] [+290ms] [LateBinding] Binding ExternalService '9:externalservice:http:localhost' to Endpoint '9:endpoint:POST:charge'</Text>
      </RunInfo>
      <RunInfo computerName="MacBook-Air" outcome="Warning" timestamp="2026-06-09T17:03:12.0638300+02:00">
        <Text>[2026-06-09 17:03:11.744] [+291ms] [LateBinding] Binding ExternalService '9:externalservice:http:localhost' to Endpoint '9:endpoint:POST:charge'</Text>
      </RunInfo>
      <RunInfo computerName="MacBook-Air" outcome="Warning" timestamp="2026-06-09T17:03:12.0638340+02:00">
        <Text>[2026-06-09 17:03:11.744] [+291ms] [LateBinding] Binding ExternalService '9:externalservice:http:localhost' to Endpoint '9:endpoint:POST:charge'</Text>
      </RunInfo>
      <RunInfo computerName="MacBook-Air" outcome="Warning" timestamp="2026-06-09T17:03:12.0638380+02:00">
        <Text>[2026-06-09 17:03:11.744] [+291ms] [LateBinding] Binding ExternalService '9:externalservice:http:localhost' to Endpoint '9:endpoint:POST:charge'</Text>
      </RunInfo>
      <RunInfo computerName="MacBook-Air" outcome="Warning" timestamp="2026-06-09T17:03:12.0638430+02:00">
        <Text>[2026-06-09 17:03:11.744] [+291ms] [LateBinding] Binding ExternalService '9:externalservice:http:localhost' to Endpoint '9:endpoint:POST:charge'</Text>
      </RunInfo>
      <RunInfo computerName="MacBook-Air" outcome="Warning" timestamp="2026-06-09T17:03:12.0638470+02:00">
        <Text>[2026-06-09 17:03:11.744] [+291ms] [LateBinding] Binding ExternalService '9:externalservice:http:localhost' to Endpoint '9:endpoint:POST:charge'</Text>
      </RunInfo>
      <RunInfo computerName="MacBook-Air" outcome="Warning" timestamp="2026-06-09T17:03:12.0638510+02:00">
        <Text>[2026-06-09 17:03:11.744] [+291ms] [LateBinding] Enqueuing 9 late-bound relationships...</Text>
      </RunInfo>
      <RunInfo computerName="MacBook-Air" outcome="Warning" timestamp="2026-06-09T17:03:12.0638550+02:00">
        <Text>[2026-06-09 17:03:11.998] [+544ms] [WorkspaceIndexer] All background channel persistence writes completed! Total parsed: 21 nodes, 38 relationships.</Text>
      </RunInfo>
      <RunInfo computerName="MacBook-Air" outcome="Warning" timestamp="2026-06-09T17:03:12.0638590+02:00">
        <Text>[2026-06-09 17:03:11.998] [+544ms] [WorkspaceIndexer] Uploading 1 local project dependency relationships...</Text>
      </RunInfo>
      <RunInfo computerName="MacBook-Air" outcome="Warning" timestamp="2026-06-09T17:03:12.0638630+02:00">
        <Text>[2026-06-09 17:03:12.011] [+558ms] [WorkspaceIndexer] Resolving 16 global cross-references...</Text>
      </RunInfo>
      <RunInfo computerName="MacBook-Air" outcome="Warning" timestamp="2026-06-09T17:03:12.0638670+02:00">
        <Text>[2026-06-09 17:03:12.013] [+560ms] [WorkspaceIndexer] Uploading 3 resolved reference relationships...</Text>
      </RunInfo>
      <RunInfo computerName="MacBook-Air" outcome="Warning" timestamp="2026-06-09T17:03:12.0640150+02:00">
        <Text>[2026-06-09 17:03:12.046] [+593ms] [WorkspaceIndexer] Running Layer 2 semantic analysis via PostIndexAnalyzer...</Text>
      </RunInfo>
      <RunInfo computerName="MacBook-Air" outcome="Warning" timestamp="2026-06-09T17:03:12.1652160+02:00">
        <Text>[2026-06-09 17:03:12.164] [+710ms] [WorkspaceIndexer] Indexing process completed successfully! Total Nodes: 21, Total Relationships: 42.</Text>
      </RunInfo>
      <RunInfo computerName="MacBook-Air" outcome="Warning" timestamp="2026-06-09T17:03:12.7082510+02:00">
        <Text>Finished parsing file: ProjectA/Client.cs with 1 top-level symbols.
Finished parsing file: ProjectB/server.ts with 2 top-level symbols.
[DEBUG NODES] [
  {
    "label": "Workspace",
    "id": 9,
    "name": "codeexplorer_test_workspace_6f9c3803-8a9a-4569-afdd-ade6b003ef4d"
  },
  {
    "label": "FilesStructure",
    "id": "9:files_structure",
    "name": "FilesStructure"
  },
  {
    "label": "Folder",
    "id": "9:folder:/var/folders/72/1tkr9_kj1kjbsq032rr6m3400000gn/T/codeexplorer_test_workspace_6f9c3803-8a9a-4569-afdd-ade6b003ef4d/ProjectA",
    "name": "ProjectA"
  },
  {
    "label": "Folder",
    "id": "9:folder:/var/folders/72/1tkr9_kj1kjbsq032rr6m3400000gn/T/codeexplorer_test_workspace_6f9c3803-8a9a-4569-afdd-ade6b003ef4d/ProjectB",
    "name": "ProjectB"
  },
  {
    "label": "File",
    "id": "9:file:ProjectA/Client.cs",
    "name": "Client.cs"
  },
  {
    "label": "File",
    "id": "9:file:ProjectB/server.ts",
    "name": "server.ts"
  },
  {
    "label": "Type",
    "id": "9:symbol:ProjectA/Client.cs:Type:Client:2",
    "name": "Client"
  },
  {
    "label": "Type",
    "id": "9:symbol:ProjectB/server.ts:Type:OrdersController:3",
    "name": "OrdersController"
  },
  {
    "label": "Function",
    "id": "9:symbol:ProjectA/Client.cs:Function:Call:3",
    "name": "Call"
  },
  {
    "label": "Function",
    "id": "9:symbol:ProjectB/server.ts:Function:charge:5",
    "name": "charge"
  },
  {
    "label": "ExternalService",
    "id": "9:externalservice:http:localhost",
    "name": "localhost"
  },
  {
    "label": "Endpoint",
    "id": "9:endpoint:GET:orders",
    "name": "GET:orders"
  },
  {
    "label": "Endpoint",
    "id": "9:endpoint:POST:charge",
    "name": "POST:charge"
  },
  {
    "label": "ProjectsStructure",
    "id": "9:projects_structure",
    "name": "ProjectsStructure"
  },
  {
    "label": "Project",
    "id": "9:project:ProjectA:",
    "name": "ProjectA"
  },
  {
    "label": "Project",
    "id": "9:project:ProjectB:",
    "name": "ProjectB"
  },
  {
    "label": "Package",
    "id": "9:package:projecta",
    "name": "ProjectA"
  },
  {
    "label": "Package",
    "id": "9:package:projectb",
    "name": "ProjectB"
  },
  {
    "label": "SyntaxStructure",
    "id": "9:syntax_structure",
    "name": "SyntaxStructure"
  },
  {
    "label": "SemanticStructure",
    "id": "9:semantic_structure",
    "name": "SemanticStructure"
  },
  {
    "label": "ApiInUse",
    "id": "9:project:ProjectA:api:httpclient",
    "name": "HttpClient"
  }
]
[DEBUG RELS] [
  {
    "from_label": "Workspace",
    "from_name": "codeexplorer_test_workspace_6f9c3803-8a9a-4569-afdd-ade6b003ef4d",
    "rel_type": "CONTAINS",
    "to_label": "FilesStructure",
    "to_name": "FilesStructure"
  },
  {
    "from_label": "Workspace",
    "from_name": "codeexplorer_test_workspace_6f9c3803-8a9a-4569-afdd-ade6b003ef4d",
    "rel_type": "CONTAINS",
    "to_label": "ProjectsStructure",
    "to_name": "ProjectsStructure"
  },
  {
    "from_label": "Workspace",
    "from_name": "codeexplorer_test_workspace_6f9c3803-8a9a-4569-afdd-ade6b003ef4d",
    "rel_type": "CONTAINS",
    "to_label": "SyntaxStructure",
    "to_name": "SyntaxStructure"
  },
  {
    "from_label": "Workspace",
    "from_name": "codeexplorer_test_workspace_6f9c3803-8a9a-4569-afdd-ade6b003ef4d",
    "rel_type": "CONTAINS",
    "to_label": "SemanticStructure",
    "to_name": "SemanticStructure"
  },
  {
    "from_label": "FilesStructure",
    "from_name": "FilesStructure",
    "rel_type": "CONTAINS",
    "to_label": "Folder",
    "to_name": "ProjectA"
  },
  {
    "from_label": "FilesStructure",
    "from_name": "FilesStructure",
    "rel_type": "CONTAINS",
    "to_label": "Folder",
    "to_name": "ProjectB"
  },
  {
    "from_label": "Folder",
    "from_name": "ProjectA",
    "rel_type": "CONTAINS",
    "to_label": "File",
    "to_name": "Client.cs"
  },
  {
    "from_label": "Folder",
    "from_name": "ProjectB",
    "rel_type": "CONTAINS",
    "to_label": "File",
    "to_name": "server.ts"
  },
  {
    "from_label": "File",
    "from_name": "Client.cs",
    "rel_type": "USES_API",
    "to_label": "ApiInUse",
    "to_name": "HttpClient"
  },
  {
    "from_label": "Type",
    "from_name": "Client",
    "rel_type": "DECLARED_IN",
    "to_label": "File",
    "to_name": "Client.cs"
  },
  {
    "from_label": "Type",
    "from_name": "Client",
    "rel_type": "HAS_METHOD",
    "to_label": "Function",
    "to_name": "Call"
  },
  {
    "from_label": "Type",
    "from_name": "OrdersController",
    "rel_type": "DECLARED_IN",
    "to_label": "File",
    "to_name": "server.ts"
  },
  {
    "from_label": "Type",
    "from_name": "OrdersController",
    "rel_type": "HAS_METHOD",
    "to_label": "Function",
    "to_name": "charge"
  },
  {
    "from_label": "ExternalService",
    "from_name": "localhost",
    "rel_type": "CALLED_BY",
    "to_label": "Function",
    "to_name": "Call"
  },
  {
    "from_label": "ExternalService",
    "from_name": "localhost",
    "rel_type": "CALLS_ENDPOINT",
    "to_label": "Endpoint",
    "to_name": "POST:charge"
  },
  {
    "from_label": "Endpoint",
    "from_name": "GET:orders",
    "rel_type": "EXPOSED_BY",
    "to_label": "File",
    "to_name": "server.ts"
  },
  {
    "from_label": "Endpoint",
    "from_name": "POST:charge",
    "rel_type": "EXPOSED_BY",
    "to_label": "Type",
    "to_name": "OrdersController"
  },
  {
    "from_label": "Endpoint",
    "from_name": "POST:charge",
    "rel_type": "EXPOSED_BY",
    "to_label": "Function",
    "to_name": "charge"
  },
  {
    "from_label": "Endpoint",
    "from_name": "POST:charge",
    "rel_type": "TRIGGERS",
    "to_label": "Function",
    "to_name": "charge"
  },
  {
    "from_label": "Project",
    "from_name": "ProjectA",
    "rel_type": "LOCATED_IN",
    "to_label": "ProjectsStructure",
    "to_name": "ProjectsStructure"
  },
  {
    "from_label": "Project",
    "from_name": "ProjectA",
    "rel_type": "LOCATED_IN",
    "to_label": "Folder",
    "to_name": "ProjectA"
  },
  {
    "from_label": "Project",
    "from_name": "ProjectA",
    "rel_type": "DEPENDS_ON",
    "to_label": "Package",
    "to_name": "ProjectA"
  },
  {
    "from_label": "Project",
    "from_name": "ProjectB",
    "rel_type": "LOCATED_IN",
    "to_label": "ProjectsStructure",
    "to_name": "ProjectsStructure"
  },
  {
    "from_label": "Project",
    "from_name": "ProjectB",
    "rel_type": "LOCATED_IN",
    "to_label": "Folder",
    "to_name": "ProjectB"
  },
  {
    "from_label": "Project",
    "from_name": "ProjectB",
    "rel_type": "DEPENDS_ON",
    "to_label": "Package",
    "to_name": "ProjectB"
  },
  {
    "from_label": "SyntaxStructure",
    "from_name": "SyntaxStructure",
    "rel_type": "CONTAINS",
    "to_label": "Type",
    "to_name": "Client"
  },
  {
    "from_label": "SyntaxStructure",
    "from_name": "SyntaxStructure",
    "rel_type": "CONTAINS",
    "to_label": "Type",
    "to_name": "OrdersController"
  },
  {
    "from_label": "SemanticStructure",
    "from_name": "SemanticStructure",
    "rel_type": "CONTAINS",
    "to_label": "ApiInUse",
    "to_name": "HttpClient"
  },
  {
    "from_label": "SemanticStructure",
    "from_name": "SemanticStructure",
    "rel_type": "CONTAINS",
    "to_label": "ExternalService",
    "to_name": "localhost"
  },
  {
    "from_label": "SemanticStructure",
    "from_name": "SemanticStructure",
    "rel_type": "CONTAINS",
    "to_label": "Endpoint",
    "to_name": "GET:orders"
  },
  {
    "from_label": "SemanticStructure",
    "from_name": "SemanticStructure",
    "rel_type": "CONTAINS",
    "to_label": "Endpoint",
    "to_name": "POST:charge"
  }
]
[IntegrationTest] Parsed 21 nodes and 42 relationships successfully.
</Text>
      </RunInfo>
    </RunInfos>
  </ResultSummary>
</TestRun>